SF:/home/loric/src/skim/src/bin/main.rs
FN:356,_RNCNCNvCsj6flplV85ZE_2sk6filters_00B5_
FN:41,_RNCNvCsj6flplV85ZE_2sk10parse_args0B3_
FN:73,_RNCNvCsj6flplV85ZE_2sk4main0B3_
FN:84,_RNCNvCsj6flplV85ZE_2sk4mains_0B3_
FN:340,_RNCNvCsj6flplV85ZE_2sk6filter0B3_
FN:363,_RNCNvCsj6flplV85ZE_2sk6filters0_0B3_
FN:356,_RNCNvCsj6flplV85ZE_2sk6filters_0B3_
FN:30,_RNvCsj6flplV85ZE_2sk10parse_args
FN:272,_RNvCsj6flplV85ZE_2sk21write_history_to_file
FN:72,_RNvCsj6flplV85ZE_2sk4main
FN:312,_RNvCsj6flplV85ZE_2sk6filter
FN:173,_RNvCsj6flplV85ZE_2sk7sk_main
FN:60,_RNvXCsj6flplV85ZE_2skNtB2_11SkMainErrorINtNtCs3IJltBbNwOJ_4core7convert4FromNtNtNtCs5U62srxYbFV_3std2io5error5ErrorE4from
FN:66,_RNvXs_Csj6flplV85ZE_2skNtB4_11SkMainErrorINtNtCs3IJltBbNwOJ_4core7convert4FromNtNtCs6o9uXgfffF5_12clap_builder5error5ErrorE4from
FN:356,_RNCNCNvCs7lWjSsce3cw_2sk6filters_00B5_
FN:41,_RNCNvCs7lWjSsce3cw_2sk10parse_args0B3_
FN:73,_RNCNvCs7lWjSsce3cw_2sk4main0B3_
FN:84,_RNCNvCs7lWjSsce3cw_2sk4mains_0B3_
FN:340,_RNCNvCs7lWjSsce3cw_2sk6filter0B3_
FN:363,_RNCNvCs7lWjSsce3cw_2sk6filters0_0B3_
FN:356,_RNCNvCs7lWjSsce3cw_2sk6filters_0B3_
FN:30,_RNvCs7lWjSsce3cw_2sk10parse_args
FN:272,_RNvCs7lWjSsce3cw_2sk21write_history_to_file
FN:72,_RNvCs7lWjSsce3cw_2sk4main
FN:312,_RNvCs7lWjSsce3cw_2sk6filter
FN:173,_RNvCs7lWjSsce3cw_2sk7sk_main
FN:60,_RNvXCs7lWjSsce3cw_2skNtB2_11SkMainErrorINtNtCs3IJltBbNwOJ_4core7convert4FromNtNtNtCs5U62srxYbFV_3std2io5error5ErrorE4from
FN:66,_RNvXs_Cs7lWjSsce3cw_2skNtB4_11SkMainErrorINtNtCs3IJltBbNwOJ_4core7convert4FromNtNtCs6o9uXgfffF5_12clap_builder5error5ErrorE4from
FNDA:0,_RNCNCNvCsj6flplV85ZE_2sk6filters_00B5_
FNDA:0,_RNCNvCsj6flplV85ZE_2sk10parse_args0B3_
FNDA:0,_RNCNvCsj6flplV85ZE_2sk4main0B3_
FNDA:0,_RNCNvCsj6flplV85ZE_2sk4mains_0B3_
FNDA:0,_RNCNvCsj6flplV85ZE_2sk6filter0B3_
FNDA:0,_RNCNvCsj6flplV85ZE_2sk6filters0_0B3_
FNDA:0,_RNCNvCsj6flplV85ZE_2sk6filters_0B3_
FNDA:0,_RNvCsj6flplV85ZE_2sk10parse_args
FNDA:0,_RNvCsj6flplV85ZE_2sk21write_history_to_file
FNDA:0,_RNvCsj6flplV85ZE_2sk4main
FNDA:0,_RNvCsj6flplV85ZE_2sk6filter
FNDA:0,_RNvCsj6flplV85ZE_2sk7sk_main
FNDA:0,_RNvXCsj6flplV85ZE_2skNtB2_11SkMainErrorINtNtCs3IJltBbNwOJ_4core7convert4FromNtNtNtCs5U62srxYbFV_3std2io5error5ErrorE4from
FNDA:0,_RNvXs_Csj6flplV85ZE_2skNtB4_11SkMainErrorINtNtCs3IJltBbNwOJ_4core7convert4FromNtNtCs6o9uXgfffF5_12clap_builder5error5ErrorE4from
FNDA:0,_RNCNCNvCs7lWjSsce3cw_2sk6filters_00B5_
FNDA:0,_RNCNvCs7lWjSsce3cw_2sk10parse_args0B3_
FNDA:0,_RNCNvCs7lWjSsce3cw_2sk4main0B3_
FNDA:0,_RNCNvCs7lWjSsce3cw_2sk4mains_0B3_
FNDA:0,_RNCNvCs7lWjSsce3cw_2sk6filter0B3_
FNDA:0,_RNCNvCs7lWjSsce3cw_2sk6filters0_0B3_
FNDA:0,_RNCNvCs7lWjSsce3cw_2sk6filters_0B3_
FNDA:0,_RNvCs7lWjSsce3cw_2sk10parse_args
FNDA:0,_RNvCs7lWjSsce3cw_2sk21write_history_to_file
FNDA:0,_RNvCs7lWjSsce3cw_2sk4main
FNDA:0,_RNvCs7lWjSsce3cw_2sk6filter
FNDA:0,_RNvCs7lWjSsce3cw_2sk7sk_main
FNDA:0,_RNvXCs7lWjSsce3cw_2skNtB2_11SkMainErrorINtNtCs3IJltBbNwOJ_4core7convert4FromNtNtNtCs5U62srxYbFV_3std2io5error5ErrorE4from
FNDA:0,_RNvXs_Cs7lWjSsce3cw_2skNtB4_11SkMainErrorINtNtCs3IJltBbNwOJ_4core7convert4FromNtNtCs6o9uXgfffF5_12clap_builder5error5ErrorE4from
FNF:14
FNH:0
DA:30,0
DA:31,0
DA:33,0
DA:34,0
DA:35,0
DA:36,0
DA:38,0
DA:39,0
DA:40,0
DA:41,0
DA:42,0
DA:44,0
DA:45,0
DA:46,0
DA:48,0
DA:49,0
DA:60,0
DA:61,0
DA:62,0
DA:66,0
DA:67,0
DA:68,0
DA:72,0
DA:73,0
DA:74,0
DA:76,0
DA:77,0
DA:78,0
DA:80,0
DA:82,0
DA:83,0
DA:84,0
DA:85,0
DA:86,0
DA:88,0
DA:89,0
DA:90,0
DA:91,0
DA:92,0
DA:93,0
DA:94,0
DA:95,0
DA:97,0
DA:98,0
DA:100,0
DA:101,0
DA:104,0
DA:106,0
DA:107,0
DA:109,0
DA:110,0
DA:111,0
DA:112,0
DA:113,0
DA:115,0
DA:116,0
DA:117,0
DA:118,0
DA:119,0
DA:120,0
DA:122,0
DA:123,0
DA:124,0
DA:125,0
DA:127,0
DA:128,0
DA:129,0
DA:130,0
DA:131,0
DA:132,0
DA:134,0
DA:135,0
DA:136,0
DA:137,0
DA:138,0
DA:139,0
DA:140,0
DA:141,0
DA:142,0
DA:143,0
DA:144,0
DA:145,0
DA:148,0
DA:149,0
DA:151,0
DA:152,0
DA:153,0
DA:155,0
DA:156,0
DA:157,0
DA:158,0
DA:160,0
DA:163,0
DA:164,0
DA:165,0
DA:166,0
DA:171,0
DA:173,0
DA:174,0
DA:175,0
DA:176,0
DA:178,0
DA:179,0
DA:180,0
DA:182,0
DA:183,0
DA:184,0
DA:186,0
DA:187,0
DA:188,0
DA:189,0
DA:190,0
DA:191,0
DA:192,0
DA:193,0
DA:199,0
DA:200,0
DA:203,0
DA:204,0
DA:206,0
DA:207,0
DA:210,0
DA:211,0
DA:212,0
DA:213,0
DA:215,0
DA:217,0
DA:219,0
DA:220,0
DA:221,0
DA:224,0
DA:225,0
DA:226,0
DA:228,0
DA:229,0
DA:230,0
DA:232,0
DA:233,0
DA:234,0
DA:236,0
DA:237,0
DA:238,0
DA:240,0
DA:241,0
DA:242,0
DA:243,0
DA:244,0
DA:245,0
DA:246,0
DA:247,0
DA:248,0
DA:249,0
DA:250,0
DA:251,0
DA:252,0
DA:255,0
DA:259,0
DA:260,0
DA:261,0
DA:262,0
DA:264,0
DA:265,0
DA:266,0
DA:267,0
DA:269,0
DA:270,0
DA:272,0
DA:273,0
DA:274,0
DA:275,0
DA:276,0
DA:277,0
DA:278,0
DA:280,0
DA:281,0
DA:282,0
DA:283,0
DA:284,0
DA:286,0
DA:289,0
DA:290,0
DA:292,0
DA:293,0
DA:294,0
DA:295,0
DA:296,0
DA:312,0
DA:315,0
DA:316,0
DA:317,0
DA:319,0
DA:320,0
DA:323,0
DA:324,0
DA:325,0
DA:327,0
DA:328,0
DA:329,0
DA:333,0
DA:334,0
DA:338,0
DA:340,0
DA:341,0
DA:342,0
DA:343,0
DA:345,0
DA:346,0
DA:347,0
DA:350,0
DA:351,0
DA:352,0
DA:354,0
DA:355,0
DA:356,0
DA:357,0
DA:359,0
DA:360,0
DA:361,0
DA:363,0
DA:364,0
DA:365,0
DA:366,0
DA:368,0
DA:369,0
BRF:0
BRH:0
LF:231
LH:0
end_of_record
SF:/home/loric/src/skim/src/binds.rs
FN:48,_RINvMs2_NtCs3Snzs7u97BX_4skim5bindsNtB6_6KeyMap11add_keymapsINtNtNtCs3IJltBbNwOJ_4core3str4iter5SplitcEEB8_
FN:193,_RINvNtCs3Snzs7u97BX_4skim5binds13parse_keymapsINtNtNtCs3IJltBbNwOJ_4core3str4iter5SplitcEEB4_
FN:55,_RNCINvMs2_NtCs3Snzs7u97BX_4skim5bindsNtB8_6KeyMap11add_keymapsINtNtNtCs3IJltBbNwOJ_4core3str4iter5SplitcEE0Ba_
FN:61,_RNvMs2_NtCs3Snzs7u97BX_4skim5bindsNtB5_6KeyMap4bind
FN:227,_RNvNtCs3Snzs7u97BX_4skim5binds12parse_keymap
FN:203,_RNvNtCs3Snzs7u97BX_4skim5binds18parse_action_chain
FN:73,_RNvNtCs3Snzs7u97BX_4skim5binds19get_default_key_map
FN:136,_RNvNtCs3Snzs7u97BX_4skim5binds9parse_key
FN:24,_RNvXNtCs3Snzs7u97BX_4skim5bindsNtB2_6KeyMapNtNtNtCs3IJltBbNwOJ_4core3ops5deref5Deref5deref
FN:35,_RNvXs0_NtCs3Snzs7u97BX_4skim5bindsNtB5_6KeyMapINtNtCs3IJltBbNwOJ_4core7convert4FromReE4from
FN:41,_RNvXs1_NtCs3Snzs7u97BX_4skim5bindsNtB5_6KeyMapNtNtCs3IJltBbNwOJ_4core7default7Default7default
FN:29,_RNvXs_NtCs3Snzs7u97BX_4skim5bindsNtB4_6KeyMapNtNtNtCs3IJltBbNwOJ_4core3ops5deref8DerefMut9deref_mut
FN:48,_RINvMs2_NtCs2dRlemTKIe9_4skim5bindsNtB6_6KeyMap11add_keymapsINtNtNtCs3IJltBbNwOJ_4core3str4iter5SplitcEEB8_
FN:55,_RNCINvMs2_NtCs2dRlemTKIe9_4skim5bindsNtB8_6KeyMap11add_keymapsINtNtNtCs3IJltBbNwOJ_4core3str4iter5SplitcEE0Ba_
FN:61,_RNvMs2_NtCs2dRlemTKIe9_4skim5bindsNtB5_6KeyMap4bind
FN:227,_RNvNtCs2dRlemTKIe9_4skim5binds12parse_keymap
FN:203,_RNvNtCs2dRlemTKIe9_4skim5binds18parse_action_chain
FN:73,_RNvNtCs2dRlemTKIe9_4skim5binds19get_default_key_map
FN:136,_RNvNtCs2dRlemTKIe9_4skim5binds9parse_key
FN:41,_RNvXs1_NtCs2dRlemTKIe9_4skim5bindsNtB5_6KeyMapNtNtCs3IJltBbNwOJ_4core7default7Default7default
FN:29,_RNvXs_NtCs2dRlemTKIe9_4skim5bindsNtB4_6KeyMapNtNtNtCs3IJltBbNwOJ_4core3ops5deref8DerefMut9deref_mut
FN:193,_RINvNtCs2dRlemTKIe9_4skim5binds13parse_keymapspEB4_
FN:24,_RNvXNtCs2dRlemTKIe9_4skim5bindsNtB2_6KeyMapNtNtNtCs3IJltBbNwOJ_4core3ops5deref5Deref5deref
FN:35,_RNvXs0_NtCs2dRlemTKIe9_4skim5bindsNtB5_6KeyMapINtNtCs3IJltBbNwOJ_4core7convert4FromReE4from
FNDA:0,_RINvMs2_NtCs3Snzs7u97BX_4skim5bindsNtB6_6KeyMap11add_keymapsINtNtNtCs3IJltBbNwOJ_4core3str4iter5SplitcEEB8_
FNDA:0,_RINvNtCs3Snzs7u97BX_4skim5binds13parse_keymapsINtNtNtCs3IJltBbNwOJ_4core3str4iter5SplitcEEB4_
FNDA:0,_RNCINvMs2_NtCs3Snzs7u97BX_4skim5bindsNtB8_6KeyMap11add_keymapsINtNtNtCs3IJltBbNwOJ_4core3str4iter5SplitcEE0Ba_
FNDA:0,_RNvMs2_NtCs3Snzs7u97BX_4skim5bindsNtB5_6KeyMap4bind
FNDA:0,_RNvNtCs3Snzs7u97BX_4skim5binds12parse_keymap
FNDA:0,_RNvNtCs3Snzs7u97BX_4skim5binds18parse_action_chain
FNDA:0,_RNvNtCs3Snzs7u97BX_4skim5binds19get_default_key_map
FNDA:0,_RNvNtCs3Snzs7u97BX_4skim5binds9parse_key
FNDA:0,_RNvXNtCs3Snzs7u97BX_4skim5bindsNtB2_6KeyMapNtNtNtCs3IJltBbNwOJ_4core3ops5deref5Deref5deref
FNDA:0,_RNvXs0_NtCs3Snzs7u97BX_4skim5bindsNtB5_6KeyMapINtNtCs3IJltBbNwOJ_4core7convert4FromReE4from
FNDA:0,_RNvXs1_NtCs3Snzs7u97BX_4skim5bindsNtB5_6KeyMapNtNtCs3IJltBbNwOJ_4core7default7Default7default
FNDA:0,_RNvXs_NtCs3Snzs7u97BX_4skim5bindsNtB4_6KeyMapNtNtNtCs3IJltBbNwOJ_4core3ops5deref8DerefMut9deref_mut
FNDA:0,_RINvMs2_NtCs2dRlemTKIe9_4skim5bindsNtB6_6KeyMap11add_keymapsINtNtNtCs3IJltBbNwOJ_4core3str4iter5SplitcEEB8_
FNDA:0,_RNCINvMs2_NtCs2dRlemTKIe9_4skim5bindsNtB8_6KeyMap11add_keymapsINtNtNtCs3IJltBbNwOJ_4core3str4iter5SplitcEE0Ba_
FNDA:0,_RNvMs2_NtCs2dRlemTKIe9_4skim5bindsNtB5_6KeyMap4bind
FNDA:0,_RNvNtCs2dRlemTKIe9_4skim5binds12parse_keymap
FNDA:0,_RNvNtCs2dRlemTKIe9_4skim5binds18parse_action_chain
FNDA:0,_RNvNtCs2dRlemTKIe9_4skim5binds19get_default_key_map
FNDA:0,_RNvNtCs2dRlemTKIe9_4skim5binds9parse_key
FNDA:0,_RNvXs1_NtCs2dRlemTKIe9_4skim5bindsNtB5_6KeyMapNtNtCs3IJltBbNwOJ_4core7default7Default7default
FNDA:0,_RNvXs_NtCs2dRlemTKIe9_4skim5bindsNtB4_6KeyMapNtNtNtCs3IJltBbNwOJ_4core3ops5deref8DerefMut9deref_mut
FNDA:0,_RINvNtCs2dRlemTKIe9_4skim5binds13parse_keymapspEB4_
FNDA:0,_RNvXNtCs2dRlemTKIe9_4skim5bindsNtB2_6KeyMapNtNtNtCs3IJltBbNwOJ_4core3ops5deref5Deref5deref
FNDA:0,_RNvXs0_NtCs2dRlemTKIe9_4skim5bindsNtB5_6KeyMapINtNtCs3IJltBbNwOJ_4core7convert4FromReE4from
FNF:12
FNH:0
DA:24,0
DA:25,0
DA:26,0
DA:29,0
DA:30,0
DA:31,0
DA:35,0
DA:36,0
DA:37,0
DA:41,0
DA:42,0
DA:43,0
DA:48,0
DA:49,0
DA:50,0
DA:52,0
DA:53,0
DA:54,0
DA:55,0
DA:57,0
DA:60,0
DA:61,0
DA:62,0
DA:65,0
DA:66,0
DA:67,0
DA:68,0
DA:73,0
DA:74,0
DA:76,0
DA:77,0
DA:78,0
DA:79,0
DA:80,0
DA:81,0
DA:82,0
DA:83,0
DA:84,0
DA:85,0
DA:86,0
DA:87,0
DA:88,0
DA:89,0
DA:92,0
DA:93,0
DA:94,0
DA:95,0
DA:96,0
DA:97,0
DA:98,0
DA:101,0
DA:102,0
DA:104,0
DA:105,0
DA:106,0
DA:107,0
DA:108,0
DA:109,0
DA:110,0
DA:111,0
DA:112,0
DA:113,0
DA:114,0
DA:115,0
DA:116,0
DA:117,0
DA:118,0
DA:119,0
DA:120,0
DA:121,0
DA:124,0
DA:126,0
DA:127,0
DA:128,0
DA:129,0
DA:130,0
DA:132,0
DA:133,0
DA:136,0
DA:137,0
DA:138,0
DA:139,0
DA:140,0
DA:141,0
DA:143,0
DA:144,0
DA:145,0
DA:146,0
DA:147,0
DA:148,0
DA:149,0
DA:150,0
DA:153,0
DA:154,0
DA:157,0
DA:158,0
DA:159,0
DA:160,0
DA:161,0
DA:162,0
DA:163,0
DA:164,0
DA:165,0
DA:166,0
DA:167,0
DA:169,0
DA:170,0
DA:171,0
DA:172,0
DA:173,0
DA:174,0
DA:175,0
DA:176,0
DA:177,0
DA:178,0
DA:179,0
DA:180,0
DA:181,0
DA:182,0
DA:183,0
DA:184,0
DA:185,0
DA:189,0
DA:190,0
DA:193,0
DA:194,0
DA:195,0
DA:197,0
DA:198,0
DA:199,0
DA:200,0
DA:203,0
DA:204,0
DA:205,0
DA:207,0
DA:208,0
DA:210,0
DA:211,0
DA:212,0
DA:213,0
DA:214,0
DA:215,0
DA:216,0
DA:217,0
DA:219,0
DA:220,0
DA:222,0
DA:224,0
DA:227,0
DA:228,0
DA:229,0
DA:230,0
DA:231,0
DA:232,0
DA:233,0
DA:234,0
DA:235,0
DA:236,0
DA:237,0
BRF:0
BRH:0
LF:160
LH:0
end_of_record
SF:/home/loric/src/skim/src/engine/all.rs
FN:20,_RNvMNtNtCs3Snzs7u97BX_4skim6engine3allNtB2_14MatchAllEngine12rank_builder
FN:25,_RNvMNtNtCs3Snzs7u97BX_4skim6engine3allNtB2_14MatchAllEngine5build
FN:14,_RNvMNtNtCs3Snzs7u97BX_4skim6engine3allNtB2_14MatchAllEngine7builder
FN:41,_RNvXs0_NtNtCs3Snzs7u97BX_4skim6engine3allNtB5_14MatchAllEngineNtNtCs3IJltBbNwOJ_4core3fmt7Display3fmt
FN:31,_RNvXs_NtNtCs3Snzs7u97BX_4skim6engine3allNtB4_14MatchAllEngineNtB8_11MatchEngine10match_item
FN:20,_RNvMNtNtCs2dRlemTKIe9_4skim6engine3allNtB2_14MatchAllEngine12rank_builder
FN:25,_RNvMNtNtCs2dRlemTKIe9_4skim6engine3allNtB2_14MatchAllEngine5build
FN:14,_RNvMNtNtCs2dRlemTKIe9_4skim6engine3allNtB2_14MatchAllEngine7builder
FN:41,_RNvXs0_NtNtCs2dRlemTKIe9_4skim6engine3allNtB5_14MatchAllEngineNtNtCs3IJltBbNwOJ_4core3fmt7Display3fmt
FN:31,_RNvXs_NtNtCs2dRlemTKIe9_4skim6engine3allNtB4_14MatchAllEngineNtB8_11MatchEngine10match_item
FNDA:0,_RNvMNtNtCs3Snzs7u97BX_4skim6engine3allNtB2_14MatchAllEngine12rank_builder
FNDA:0,_RNvMNtNtCs3Snzs7u97BX_4skim6engine3allNtB2_14MatchAllEngine5build
FNDA:0,_RNvMNtNtCs3Snzs7u97BX_4skim6engine3allNtB2_14MatchAllEngine7builder
FNDA:0,_RNvXs0_NtNtCs3Snzs7u97BX_4skim6engine3allNtB5_14MatchAllEngineNtNtCs3IJltBbNwOJ_4core3fmt7Display3fmt
FNDA:0,_RNvXs_NtNtCs3Snzs7u97BX_4skim6engine3allNtB4_14MatchAllEngineNtB8_11MatchEngine10match_item
FNDA:0,_RNvMNtNtCs2dRlemTKIe9_4skim6engine3allNtB2_14MatchAllEngine12rank_builder
FNDA:0,_RNvMNtNtCs2dRlemTKIe9_4skim6engine3allNtB2_14MatchAllEngine5build
FNDA:0,_RNvMNtNtCs2dRlemTKIe9_4skim6engine3allNtB2_14MatchAllEngine7builder
FNDA:0,_RNvXs0_NtNtCs2dRlemTKIe9_4skim6engine3allNtB5_14MatchAllEngineNtNtCs3IJltBbNwOJ_4core3fmt7Display3fmt
FNDA:0,_RNvXs_NtNtCs2dRlemTKIe9_4skim6engine3allNtB4_14MatchAllEngineNtB8_11MatchEngine10match_item
FNF:5
FNH:0
DA:14,0
DA:15,0
DA:16,0
DA:17,0
DA:18,0
DA:20,0
DA:21,0
DA:22,0
DA:23,0
DA:25,0
DA:26,0
DA:27,0
DA:31,0
DA:32,0
DA:33,0
DA:34,0
DA:35,0
DA:36,0
DA:37,0
DA:41,0
DA:42,0
DA:43,0
BRF:0
BRH:0
LF:22
LH:0
end_of_record
SF:/home/loric/src/skim/src/engine/andor.rs
FN:47,_RNCNvXs0_NtNtCs3Snzs7u97BX_4skim6engine5andorNtB7_8OrEngineNtNtCs3IJltBbNwOJ_4core3fmt7Display3fmt0Bb_
FN:121,_RNCNvXs3_NtNtCs3Snzs7u97BX_4skim6engine5andorNtB7_9AndEngineNtNtCs3IJltBbNwOJ_4core3fmt7Display3fmt0Bb_
FN:22,_RNvMNtNtCs3Snzs7u97BX_4skim6engine5andorNtB2_8OrEngine5build
FN:13,_RNvMNtNtCs3Snzs7u97BX_4skim6engine5andorNtB2_8OrEngine7builder
FN:17,_RNvMNtNtCs3Snzs7u97BX_4skim6engine5andorNtB2_8OrEngine7engines
FN:74,_RNvMs1_NtNtCs3Snzs7u97BX_4skim6engine5andorNtB5_9AndEngine19merge_matched_items
FN:70,_RNvMs1_NtNtCs3Snzs7u97BX_4skim6engine5andorNtB5_9AndEngine5build
FN:61,_RNvMs1_NtNtCs3Snzs7u97BX_4skim6engine5andorNtB5_9AndEngine7builder
FN:65,_RNvMs1_NtNtCs3Snzs7u97BX_4skim6engine5andorNtB5_9AndEngine7engines
FN:41,_RNvXs0_NtNtCs3Snzs7u97BX_4skim6engine5andorNtB5_8OrEngineNtNtCs3IJltBbNwOJ_4core3fmt7Display3fmt
FN:98,_RNvXs2_NtNtCs3Snzs7u97BX_4skim6engine5andorNtB5_9AndEngineNtB9_11MatchEngine10match_item
FN:115,_RNvXs3_NtNtCs3Snzs7u97BX_4skim6engine5andorNtB5_9AndEngineNtNtCs3IJltBbNwOJ_4core3fmt7Display3fmt
FN:28,_RNvXs_NtNtCs3Snzs7u97BX_4skim6engine5andorNtB4_8OrEngineNtB8_11MatchEngine10match_item
FN:47,_RNCNvXs0_NtNtCs2dRlemTKIe9_4skim6engine5andorNtB7_8OrEngineNtNtCs3IJltBbNwOJ_4core3fmt7Display3fmt0Bb_
FN:121,_RNCNvXs3_NtNtCs2dRlemTKIe9_4skim6engine5andorNtB7_9AndEngineNtNtCs3IJltBbNwOJ_4core3fmt7Display3fmt0Bb_
FN:22,_RNvMNtNtCs2dRlemTKIe9_4skim6engine5andorNtB2_8OrEngine5build
FN:13,_RNvMNtNtCs2dRlemTKIe9_4skim6engine5andorNtB2_8OrEngine7builder
FN:17,_RNvMNtNtCs2dRlemTKIe9_4skim6engine5andorNtB2_8OrEngine7engines
FN:74,_RNvMs1_NtNtCs2dRlemTKIe9_4skim6engine5andorNtB5_9AndEngine19merge_matched_items
FN:70,_RNvMs1_NtNtCs2dRlemTKIe9_4skim6engine5andorNtB5_9AndEngine5build
FN:61,_RNvMs1_NtNtCs2dRlemTKIe9_4skim6engine5andorNtB5_9AndEngine7builder
FN:65,_RNvMs1_NtNtCs2dRlemTKIe9_4skim6engine5andorNtB5_9AndEngine7engines
FN:41,_RNvXs0_NtNtCs2dRlemTKIe9_4skim6engine5andorNtB5_8OrEngineNtNtCs3IJltBbNwOJ_4core3fmt7Display3fmt
FN:98,_RNvXs2_NtNtCs2dRlemTKIe9_4skim6engine5andorNtB5_9AndEngineNtB9_11MatchEngine10match_item
FN:115,_RNvXs3_NtNtCs2dRlemTKIe9_4skim6engine5andorNtB5_9AndEngineNtNtCs3IJltBbNwOJ_4core3fmt7Display3fmt
FN:28,_RNvXs_NtNtCs2dRlemTKIe9_4skim6engine5andorNtB4_8OrEngineNtB8_11MatchEngine10match_item
FNDA:0,_RNCNvXs0_NtNtCs3Snzs7u97BX_4skim6engine5andorNtB7_8OrEngineNtNtCs3IJltBbNwOJ_4core3fmt7Display3fmt0Bb_
FNDA:0,_RNCNvXs3_NtNtCs3Snzs7u97BX_4skim6engine5andorNtB7_9AndEngineNtNtCs3IJltBbNwOJ_4core3fmt7Display3fmt0Bb_
FNDA:0,_RNvMNtNtCs3Snzs7u97BX_4skim6engine5andorNtB2_8OrEngine5build
FNDA:0,_RNvMNtNtCs3Snzs7u97BX_4skim6engine5andorNtB2_8OrEngine7builder
FNDA:0,_RNvMNtNtCs3Snzs7u97BX_4skim6engine5andorNtB2_8OrEngine7engines
FNDA:0,_RNvMs1_NtNtCs3Snzs7u97BX_4skim6engine5andorNtB5_9AndEngine19merge_matched_items
FNDA:0,_RNvMs1_NtNtCs3Snzs7u97BX_4skim6engine5andorNtB5_9AndEngine5build
FNDA:0,_RNvMs1_NtNtCs3Snzs7u97BX_4skim6engine5andorNtB5_9AndEngine7builder
FNDA:0,_RNvMs1_NtNtCs3Snzs7u97BX_4skim6engine5andorNtB5_9AndEngine7engines
FNDA:0,_RNvXs0_NtNtCs3Snzs7u97BX_4skim6engine5andorNtB5_8OrEngineNtNtCs3IJltBbNwOJ_4core3fmt7Display3fmt
FNDA:0,_RNvXs2_NtNtCs3Snzs7u97BX_4skim6engine5andorNtB5_9AndEngineNtB9_11MatchEngine10match_item
FNDA:0,_RNvXs3_NtNtCs3Snzs7u97BX_4skim6engine5andorNtB5_9AndEngineNtNtCs3IJltBbNwOJ_4core3fmt7Display3fmt
FNDA:0,_RNvXs_NtNtCs3Snzs7u97BX_4skim6engine5andorNtB4_8OrEngineNtB8_11MatchEngine10match_item
FNDA:0,_RNCNvXs0_NtNtCs2dRlemTKIe9_4skim6engine5andorNtB7_8OrEngineNtNtCs3IJltBbNwOJ_4core3fmt7Display3fmt0Bb_
FNDA:0,_RNCNvXs3_NtNtCs2dRlemTKIe9_4skim6engine5andorNtB7_9AndEngineNtNtCs3IJltBbNwOJ_4core3fmt7Display3fmt0Bb_
FNDA:0,_RNvMNtNtCs2dRlemTKIe9_4skim6engine5andorNtB2_8OrEngine5build
FNDA:0,_RNvMNtNtCs2dRlemTKIe9_4skim6engine5andorNtB2_8OrEngine7builder
FNDA:0,_RNvMNtNtCs2dRlemTKIe9_4skim6engine5andorNtB2_8OrEngine7engines
FNDA:0,_RNvMs1_NtNtCs2dRlemTKIe9_4skim6engine5andorNtB5_9AndEngine19merge_matched_items
FNDA:0,_RNvMs1_NtNtCs2dRlemTKIe9_4skim6engine5andorNtB5_9AndEngine5build
FNDA:0,_RNvMs1_NtNtCs2dRlemTKIe9_4skim6engine5andorNtB5_9AndEngine7builder
FNDA:0,_RNvMs1_NtNtCs2dRlemTKIe9_4skim6engine5andorNtB5_9AndEngine7engines
FNDA:0,_RNvXs0_NtNtCs2dRlemTKIe9_4skim6engine5andorNtB5_8OrEngineNtNtCs3IJltBbNwOJ_4core3fmt7Display3fmt
FNDA:0,_RNvXs2_NtNtCs2dRlemTKIe9_4skim6engine5andorNtB5_9AndEngineNtB9_11MatchEngine10match_item
FNDA:0,_RNvXs3_NtNtCs2dRlemTKIe9_4skim6engine5andorNtB5_9AndEngineNtNtCs3IJltBbNwOJ_4core3fmt7Display3fmt
FNDA:0,_RNvXs_NtNtCs2dRlemTKIe9_4skim6engine5andorNtB4_8OrEngineNtB8_11MatchEngine10match_item
FNF:13
FNH:0
DA:13,0
DA:14,0
DA:15,0
DA:17,0
DA:18,0
DA:19,0
DA:20,0
DA:22,0
DA:23,0
DA:24,0
DA:28,0
DA:29,0
DA:30,0
DA:31,0
DA:32,0
DA:33,0
DA:36,0
DA:37,0
DA:41,0
DA:42,0
DA:43,0
DA:45,0
DA:46,0
DA:47,0
DA:48,0
DA:49,0
DA:51,0
DA:61,0
DA:62,0
DA:63,0
DA:65,0
DA:66,0
DA:67,0
DA:68,0
DA:70,0
DA:71,0
DA:72,0
DA:74,0
DA:75,0
DA:76,0
DA:77,0
DA:78,0
DA:79,0
DA:80,0
DA:81,0
DA:82,0
DA:83,0
DA:84,0
DA:88,0
DA:89,0
DA:90,0
DA:91,0
DA:92,0
DA:93,0
DA:94,0
DA:98,0
DA:100,0
DA:101,0
DA:102,0
DA:103,0
DA:106,0
DA:107,0
DA:109,0
DA:111,0
DA:115,0
DA:116,0
DA:117,0
DA:119,0
DA:120,0
DA:121,0
DA:122,0
DA:123,0
DA:125,0
BRF:0
BRH:0
LF:75
LH:0
end_of_record
SF:/home/loric/src/skim/src/engine/exact.rs
FN:119,_RNCNvXs0_NtNtCs3Snzs7u97BX_4skim6engine5exactNtB7_11ExactEngineNtNtCs3IJltBbNwOJ_4core3fmt7Display3fmt0Bb_
FN:90,_RNCNvXs_NtNtCs3Snzs7u97BX_4skim6engine5exactNtB6_11ExactEngineNtBa_11MatchEngine10match_item0Ba_
FN:66,_RNvMNtNtCs3Snzs7u97BX_4skim6engine5exactNtB2_11ExactEngine12rank_builder
FN:71,_RNvMNtNtCs3Snzs7u97BX_4skim6engine5exactNtB2_11ExactEngine5build
FN:30,_RNvMNtNtCs3Snzs7u97BX_4skim6engine5exactNtB2_11ExactEngine7builder
FN:114,_RNvXs0_NtNtCs3Snzs7u97BX_4skim6engine5exactNtB5_11ExactEngineNtNtCs3IJltBbNwOJ_4core3fmt7Display3fmt
FN:77,_RNvXs_NtNtCs3Snzs7u97BX_4skim6engine5exactNtB4_11ExactEngineNtB8_11MatchEngine10match_item
FN:119,_RNCNvXs0_NtNtCs2dRlemTKIe9_4skim6engine5exactNtB7_11ExactEngineNtNtCs3IJltBbNwOJ_4core3fmt7Display3fmt0Bb_
FN:90,_RNCNvXs_NtNtCs2dRlemTKIe9_4skim6engine5exactNtB6_11ExactEngineNtBa_11MatchEngine10match_item0Ba_
FN:66,_RNvMNtNtCs2dRlemTKIe9_4skim6engine5exactNtB2_11ExactEngine12rank_builder
FN:71,_RNvMNtNtCs2dRlemTKIe9_4skim6engine5exactNtB2_11ExactEngine5build
FN:30,_RNvMNtNtCs2dRlemTKIe9_4skim6engine5exactNtB2_11ExactEngine7builder
FN:114,_RNvXs0_NtNtCs2dRlemTKIe9_4skim6engine5exactNtB5_11ExactEngineNtNtCs3IJltBbNwOJ_4core3fmt7Display3fmt
FN:77,_RNvXs_NtNtCs2dRlemTKIe9_4skim6engine5exactNtB4_11ExactEngineNtB8_11MatchEngine10match_item
FNDA:0,_RNCNvXs0_NtNtCs3Snzs7u97BX_4skim6engine5exactNtB7_11ExactEngineNtNtCs3IJltBbNwOJ_4core3fmt7Display3fmt0Bb_
FNDA:0,_RNCNvXs_NtNtCs3Snzs7u97BX_4skim6engine5exactNtB6_11ExactEngineNtBa_11MatchEngine10match_item0Ba_
FNDA:0,_RNvMNtNtCs3Snzs7u97BX_4skim6engine5exactNtB2_11ExactEngine12rank_builder
FNDA:0,_RNvMNtNtCs3Snzs7u97BX_4skim6engine5exactNtB2_11ExactEngine5build
FNDA:0,_RNvMNtNtCs3Snzs7u97BX_4skim6engine5exactNtB2_11ExactEngine7builder
FNDA:0,_RNvXs0_NtNtCs3Snzs7u97BX_4skim6engine5exactNtB5_11ExactEngineNtNtCs3IJltBbNwOJ_4core3fmt7Display3fmt
FNDA:0,_RNvXs_NtNtCs3Snzs7u97BX_4skim6engine5exactNtB4_11ExactEngineNtB8_11MatchEngine10match_item
FNDA:0,_RNCNvXs0_NtNtCs2dRlemTKIe9_4skim6engine5exactNtB7_11ExactEngineNtNtCs3IJltBbNwOJ_4core3fmt7Display3fmt0Bb_
FNDA:0,_RNCNvXs_NtNtCs2dRlemTKIe9_4skim6engine5exactNtB6_11ExactEngineNtBa_11MatchEngine10match_item0Ba_
FNDA:0,_RNvMNtNtCs2dRlemTKIe9_4skim6engine5exactNtB2_11ExactEngine12rank_builder
FNDA:0,_RNvMNtNtCs2dRlemTKIe9_4skim6engine5exactNtB2_11ExactEngine5build
FNDA:0,_RNvMNtNtCs2dRlemTKIe9_4skim6engine5exactNtB2_11ExactEngine7builder
FNDA:0,_RNvXs0_NtNtCs2dRlemTKIe9_4skim6engine5exactNtB5_11ExactEngineNtNtCs3IJltBbNwOJ_4core3fmt7Display3fmt
FNDA:0,_RNvXs_NtNtCs2dRlemTKIe9_4skim6engine5exactNtB4_11ExactEngineNtB8_11MatchEngine10match_item
FNF:7
FNH:0
DA:30,0
DA:31,0
DA:32,0
DA:33,0
DA:34,0
DA:37,0
DA:38,0
DA:39,0
DA:40,0
DA:42,0
DA:43,0
DA:44,0
DA:46,0
DA:48,0
DA:49,0
DA:50,0
DA:52,0
DA:53,0
DA:55,0
DA:58,0
DA:59,0
DA:60,0
DA:61,0
DA:62,0
DA:63,0
DA:64,0
DA:66,0
DA:67,0
DA:68,0
DA:69,0
DA:71,0
DA:72,0
DA:73,0
DA:77,0
DA:78,0
DA:79,0
DA:80,0
DA:81,0
DA:82,0
DA:83,0
DA:84,0
DA:85,0
DA:86,0
DA:87,0
DA:90,0
DA:92,0
DA:93,0
DA:94,0
DA:96,0
DA:97,0
DA:98,0
DA:101,0
DA:102,0
DA:103,0
DA:104,0
DA:105,0
DA:106,0
DA:107,0
DA:108,0
DA:109,0
DA:110,0
DA:114,0
DA:115,0
DA:116,0
DA:118,0
DA:119,0
DA:121,0
BRF:0
BRH:0
LF:69
LH:0
end_of_record
SF:/home/loric/src/skim/src/engine/factory.rs
FN:130,_RINvMs0_NtNtCs3Snzs7u97BX_4skim6engine7factoryNtB6_18AndOrEngineFactory3newNtB6_25ExactOrFuzzyEngineFactoryEBa_
FN:130,_RINvMs0_NtNtCs3Snzs7u97BX_4skim6engine7factoryNtB6_18AndOrEngineFactory3newNtNtB8_5split23SplitMatchEngineFactoryEBa_
FN:145,_RNCNvMs0_NtNtCs3Snzs7u97BX_4skim6engine7factoryNtB7_18AndOrEngineFactory8parse_or0Bb_
FN:152,_RNCNvMs0_NtNtCs3Snzs7u97BX_4skim6engine7factoryNtB7_18AndOrEngineFactory9parse_and0Bb_
FN:169,_RNCNvMs0_NtNtCs3Snzs7u97BX_4skim6engine7factoryNtB7_18AndOrEngineFactory9parse_ands0_0Bb_
FN:157,_RNCNvMs0_NtNtCs3Snzs7u97BX_4skim6engine7factoryNtB7_18AndOrEngineFactory9parse_ands_0Bb_
FN:12,_RNCNvNtNtCs3Snzs7u97BX_4skim6engine7factory5RE_OR0B7_
FN:11,_RNCNvNtNtCs3Snzs7u97BX_4skim6engine7factory6RE_AND0B7_
FN:33,_RNvMNtNtCs3Snzs7u97BX_4skim6engine7factoryNtB2_25ExactOrFuzzyEngineFactory10exact_mode
FN:45,_RNvMNtNtCs3Snzs7u97BX_4skim6engine7factoryNtB2_25ExactOrFuzzyEngineFactory12rank_builder
FN:39,_RNvMNtNtCs3Snzs7u97BX_4skim6engine7factoryNtB2_25ExactOrFuzzyEngineFactory15fuzzy_algorithm
FN:51,_RNvMNtNtCs3Snzs7u97BX_4skim6engine7factoryNtB2_25ExactOrFuzzyEngineFactory5build
FN:24,_RNvMNtNtCs3Snzs7u97BX_4skim6engine7factoryNtB2_25ExactOrFuzzyEngineFactory7builder
FN:177,_RNvMs0_NtNtCs3Snzs7u97BX_4skim6engine7factoryNtB5_18AndOrEngineFactory17mask_escape_space
FN:181,_RNvMs0_NtNtCs3Snzs7u97BX_4skim6engine7factoryNtB5_18AndOrEngineFactory19unmask_escape_space
FN:139,_RNvMs0_NtNtCs3Snzs7u97BX_4skim6engine7factoryNtB5_18AndOrEngineFactory8parse_or
FN:151,_RNvMs0_NtNtCs3Snzs7u97BX_4skim6engine7factoryNtB5_18AndOrEngineFactory9parse_and
FN:207,_RNvMs2_NtNtCs3Snzs7u97BX_4skim6engine7factoryNtB5_18RegexEngineFactory12rank_builder
FN:200,_RNvMs2_NtNtCs3Snzs7u97BX_4skim6engine7factoryNtB5_18RegexEngineFactory7builder
FN:187,_RNvXs1_NtNtCs3Snzs7u97BX_4skim6engine7factoryNtB5_18AndOrEngineFactoryNtB9_18MatchEngineFactory23create_engine_with_case
FN:219,_RNvXs3_NtNtCs3Snzs7u97BX_4skim6engine7factoryNtB5_18RegexEngineFactoryNtB9_18MatchEngineFactory23create_engine_with_case
FN:57,_RNvXs_NtNtCs3Snzs7u97BX_4skim6engine7factoryNtB4_25ExactOrFuzzyEngineFactoryNtB8_18MatchEngineFactory23create_engine_with_case
FN:213,_RNvMs2_NtNtCs3Snzs7u97BX_4skim6engine7factoryNtB5_18RegexEngineFactory5build
FN:130,_RINvMs0_NtNtCs2dRlemTKIe9_4skim6engine7factoryNtB6_18AndOrEngineFactory3newNtB6_25ExactOrFuzzyEngineFactoryEBa_
FN:145,_RNCNvMs0_NtNtCs2dRlemTKIe9_4skim6engine7factoryNtB7_18AndOrEngineFactory8parse_or0Bb_
FN:152,_RNCNvMs0_NtNtCs2dRlemTKIe9_4skim6engine7factoryNtB7_18AndOrEngineFactory9parse_and0Bb_
FN:169,_RNCNvMs0_NtNtCs2dRlemTKIe9_4skim6engine7factoryNtB7_18AndOrEngineFactory9parse_ands0_0Bb_
FN:157,_RNCNvMs0_NtNtCs2dRlemTKIe9_4skim6engine7factoryNtB7_18AndOrEngineFactory9parse_ands_0Bb_
FN:12,_RNCNvNtNtCs2dRlemTKIe9_4skim6engine7factory5RE_OR0B7_
FN:11,_RNCNvNtNtCs2dRlemTKIe9_4skim6engine7factory6RE_AND0B7_
FN:51,_RNvMNtNtCs2dRlemTKIe9_4skim6engine7factoryNtB2_25ExactOrFuzzyEngineFactory5build
FN:24,_RNvMNtNtCs2dRlemTKIe9_4skim6engine7factoryNtB2_25ExactOrFuzzyEngineFactory7builder
FN:177,_RNvMs0_NtNtCs2dRlemTKIe9_4skim6engine7factoryNtB5_18AndOrEngineFactory17mask_escape_space
FN:181,_RNvMs0_NtNtCs2dRlemTKIe9_4skim6engine7factoryNtB5_18AndOrEngineFactory19unmask_escape_space
FN:139,_RNvMs0_NtNtCs2dRlemTKIe9_4skim6engine7factoryNtB5_18AndOrEngineFactory8parse_or
FN:151,_RNvMs0_NtNtCs2dRlemTKIe9_4skim6engine7factoryNtB5_18AndOrEngineFactory9parse_and
FN:200,_RNvMs2_NtNtCs2dRlemTKIe9_4skim6engine7factoryNtB5_18RegexEngineFactory7builder
FN:187,_RNvXs1_NtNtCs2dRlemTKIe9_4skim6engine7factoryNtB5_18AndOrEngineFactoryNtB9_18MatchEngineFactory23create_engine_with_case
FN:219,_RNvXs3_NtNtCs2dRlemTKIe9_4skim6engine7factoryNtB5_18RegexEngineFactoryNtB9_18MatchEngineFactory23create_engine_with_case
FN:57,_RNvXs_NtNtCs2dRlemTKIe9_4skim6engine7factoryNtB4_25ExactOrFuzzyEngineFactoryNtB8_18MatchEngineFactory23create_engine_with_case
FN:33,_RNvMNtNtCs2dRlemTKIe9_4skim6engine7factoryNtB2_25ExactOrFuzzyEngineFactory10exact_mode
FN:45,_RNvMNtNtCs2dRlemTKIe9_4skim6engine7factoryNtB2_25ExactOrFuzzyEngineFactory12rank_builder
FN:39,_RNvMNtNtCs2dRlemTKIe9_4skim6engine7factoryNtB2_25ExactOrFuzzyEngineFactory15fuzzy_algorithm
FN:207,_RNvMs2_NtNtCs2dRlemTKIe9_4skim6engine7factoryNtB5_18RegexEngineFactory12rank_builder
FN:213,_RNvMs2_NtNtCs2dRlemTKIe9_4skim6engine7factoryNtB5_18RegexEngineFactory5build
FNDA:0,_RINvMs0_NtNtCs3Snzs7u97BX_4skim6engine7factoryNtB6_18AndOrEngineFactory3newNtB6_25ExactOrFuzzyEngineFactoryEBa_
FNDA:0,_RINvMs0_NtNtCs3Snzs7u97BX_4skim6engine7factoryNtB6_18AndOrEngineFactory3newNtNtB8_5split23SplitMatchEngineFactoryEBa_
FNDA:0,_RNCNvMs0_NtNtCs3Snzs7u97BX_4skim6engine7factoryNtB7_18AndOrEngineFactory8parse_or0Bb_
FNDA:0,_RNCNvMs0_NtNtCs3Snzs7u97BX_4skim6engine7factoryNtB7_18AndOrEngineFactory9parse_and0Bb_
FNDA:0,_RNCNvMs0_NtNtCs3Snzs7u97BX_4skim6engine7factoryNtB7_18AndOrEngineFactory9parse_ands0_0Bb_
FNDA:0,_RNCNvMs0_NtNtCs3Snzs7u97BX_4skim6engine7factoryNtB7_18AndOrEngineFactory9parse_ands_0Bb_
FNDA:0,_RNCNvNtNtCs3Snzs7u97BX_4skim6engine7factory5RE_OR0B7_
FNDA:0,_RNCNvNtNtCs3Snzs7u97BX_4skim6engine7factory6RE_AND0B7_
FNDA:0,_RNvMNtNtCs3Snzs7u97BX_4skim6engine7factoryNtB2_25ExactOrFuzzyEngineFactory10exact_mode
FNDA:0,_RNvMNtNtCs3Snzs7u97BX_4skim6engine7factoryNtB2_25ExactOrFuzzyEngineFactory12rank_builder
FNDA:0,_RNvMNtNtCs3Snzs7u97BX_4skim6engine7factoryNtB2_25ExactOrFuzzyEngineFactory15fuzzy_algorithm
FNDA:0,_RNvMNtNtCs3Snzs7u97BX_4skim6engine7factoryNtB2_25ExactOrFuzzyEngineFactory5build
FNDA:0,_RNvMNtNtCs3Snzs7u97BX_4skim6engine7factoryNtB2_25ExactOrFuzzyEngineFactory7builder
FNDA:0,_RNvMs0_NtNtCs3Snzs7u97BX_4skim6engine7factoryNtB5_18AndOrEngineFactory17mask_escape_space
FNDA:0,_RNvMs0_NtNtCs3Snzs7u97BX_4skim6engine7factoryNtB5_18AndOrEngineFactory19unmask_escape_space
FNDA:0,_RNvMs0_NtNtCs3Snzs7u97BX_4skim6engine7factoryNtB5_18AndOrEngineFactory8parse_or
FNDA:0,_RNvMs0_NtNtCs3Snzs7u97BX_4skim6engine7factoryNtB5_18AndOrEngineFactory9parse_and
FNDA:0,_RNvMs2_NtNtCs3Snzs7u97BX_4skim6engine7factoryNtB5_18RegexEngineFactory12rank_builder
FNDA:0,_RNvMs2_NtNtCs3Snzs7u97BX_4skim6engine7factoryNtB5_18RegexEngineFactory7builder
FNDA:0,_RNvXs1_NtNtCs3Snzs7u97BX_4skim6engine7factoryNtB5_18AndOrEngineFactoryNtB9_18MatchEngineFactory23create_engine_with_case
FNDA:0,_RNvXs3_NtNtCs3Snzs7u97BX_4skim6engine7factoryNtB5_18RegexEngineFactoryNtB9_18MatchEngineFactory23create_engine_with_case
FNDA:0,_RNvXs_NtNtCs3Snzs7u97BX_4skim6engine7factoryNtB4_25ExactOrFuzzyEngineFactoryNtB8_18MatchEngineFactory23create_engine_with_case
FNDA:0,_RNvMs2_NtNtCs3Snzs7u97BX_4skim6engine7factoryNtB5_18RegexEngineFactory5build
FNDA:0,_RINvMs0_NtNtCs2dRlemTKIe9_4skim6engine7factoryNtB6_18AndOrEngineFactory3newNtB6_25ExactOrFuzzyEngineFactoryEBa_
FNDA:0,_RNCNvMs0_NtNtCs2dRlemTKIe9_4skim6engine7factoryNtB7_18AndOrEngineFactory8parse_or0Bb_
FNDA:0,_RNCNvMs0_NtNtCs2dRlemTKIe9_4skim6engine7factoryNtB7_18AndOrEngineFactory9parse_and0Bb_
FNDA:0,_RNCNvMs0_NtNtCs2dRlemTKIe9_4skim6engine7factoryNtB7_18AndOrEngineFactory9parse_ands0_0Bb_
FNDA:0,_RNCNvMs0_NtNtCs2dRlemTKIe9_4skim6engine7factoryNtB7_18AndOrEngineFactory9parse_ands_0Bb_
FNDA:0,_RNCNvNtNtCs2dRlemTKIe9_4skim6engine7factory5RE_OR0B7_
FNDA:0,_RNCNvNtNtCs2dRlemTKIe9_4skim6engine7factory6RE_AND0B7_
FNDA:0,_RNvMNtNtCs2dRlemTKIe9_4skim6engine7factoryNtB2_25ExactOrFuzzyEngineFactory5build
FNDA:0,_RNvMNtNtCs2dRlemTKIe9_4skim6engine7factoryNtB2_25ExactOrFuzzyEngineFactory7builder
FNDA:0,_RNvMs0_NtNtCs2dRlemTKIe9_4skim6engine7factoryNtB5_18AndOrEngineFactory17mask_escape_space
FNDA:0,_RNvMs0_NtNtCs2dRlemTKIe9_4skim6engine7factoryNtB5_18AndOrEngineFactory19unmask_escape_space
FNDA:0,_RNvMs0_NtNtCs2dRlemTKIe9_4skim6engine7factoryNtB5_18AndOrEngineFactory8parse_or
FNDA:0,_RNvMs0_NtNtCs2dRlemTKIe9_4skim6engine7factoryNtB5_18AndOrEngineFactory9parse_and
FNDA:0,_RNvMs2_NtNtCs2dRlemTKIe9_4skim6engine7factoryNtB5_18RegexEngineFactory7builder
FNDA:0,_RNvXs1_NtNtCs2dRlemTKIe9_4skim6engine7factoryNtB5_18AndOrEngineFactoryNtB9_18MatchEngineFactory23create_engine_with_case
FNDA:0,_RNvXs3_NtNtCs2dRlemTKIe9_4skim6engine7factoryNtB5_18RegexEngineFactoryNtB9_18MatchEngineFactory23create_engine_with_case
FNDA:0,_RNvXs_NtNtCs2dRlemTKIe9_4skim6engine7factoryNtB4_25ExactOrFuzzyEngineFactoryNtB8_18MatchEngineFactory23create_engine_with_case
FNDA:0,_RNvMNtNtCs2dRlemTKIe9_4skim6engine7factoryNtB2_25ExactOrFuzzyEngineFactory10exact_mode
FNDA:0,_RNvMNtNtCs2dRlemTKIe9_4skim6engine7factoryNtB2_25ExactOrFuzzyEngineFactory12rank_builder
FNDA:0,_RNvMNtNtCs2dRlemTKIe9_4skim6engine7factoryNtB2_25ExactOrFuzzyEngineFactory15fuzzy_algorithm
FNDA:0,_RNvMs2_NtNtCs2dRlemTKIe9_4skim6engine7factoryNtB5_18RegexEngineFactory12rank_builder
FNDA:0,_RNvMs2_NtNtCs2dRlemTKIe9_4skim6engine7factoryNtB5_18RegexEngineFactory5build
FNF:22
FNH:0
DA:11,0
DA:12,0
DA:24,0
DA:25,0
DA:26,0
DA:27,0
DA:28,0
DA:29,0
DA:30,0
DA:33,0
DA:34,0
DA:35,0
DA:36,0
DA:39,0
DA:40,0
DA:41,0
DA:42,0
DA:45,0
DA:46,0
DA:47,0
DA:48,0
DA:51,0
DA:52,0
DA:53,0
DA:57,0
DA:66,0
DA:67,0
DA:68,0
DA:69,0
DA:71,0
DA:72,0
DA:73,0
DA:74,0
DA:76,0
DA:77,0
DA:78,0
DA:79,0
DA:80,0
DA:82,0
DA:84,0
DA:85,0
DA:86,0
DA:87,0
DA:88,0
DA:89,0
DA:91,0
DA:92,0
DA:93,0
DA:94,0
DA:95,0
DA:97,0
DA:98,0
DA:99,0
DA:100,0
DA:101,0
DA:103,0
DA:104,0
DA:105,0
DA:106,0
DA:107,0
DA:108,0
DA:110,0
DA:111,0
DA:112,0
DA:113,0
DA:114,0
DA:115,0
DA:116,0
DA:117,0
DA:119,0
DA:130,0
DA:131,0
DA:132,0
DA:133,0
DA:134,0
DA:139,0
DA:140,0
DA:141,0
DA:143,0
DA:144,0
DA:145,0
DA:146,0
DA:147,0
DA:149,0
DA:151,0
DA:152,0
DA:153,0
DA:154,0
DA:155,0
DA:156,0
DA:157,0
DA:158,0
DA:159,0
DA:160,0
DA:161,0
DA:163,0
DA:164,0
DA:165,0
DA:166,0
DA:169,0
DA:170,0
DA:171,0
DA:172,0
DA:173,0
DA:174,0
DA:175,0
DA:177,0
DA:178,0
DA:179,0
DA:181,0
DA:182,0
DA:183,0
DA:187,0
DA:188,0
DA:189,0
DA:200,0
DA:201,0
DA:202,0
DA:203,0
DA:204,0
DA:207,0
DA:208,0
DA:209,0
DA:210,0
DA:213,0
DA:214,0
DA:215,0
DA:219,0
DA:220,0
DA:221,0
DA:222,0
DA:223,0
DA:224,0
DA:225,0
BRF:0
BRH:0
LF:138
LH:0
end_of_record
SF:/home/loric/src/skim/src/engine/fuzzy.rs
FN:151,_RNCNCNvXs0_NtNtCs3Snzs7u97BX_4skim6engine5fuzzyNtB9_11FuzzyEngineNtBd_11MatchEngine10match_item00Bd_
FN:148,_RNCNvXs0_NtNtCs3Snzs7u97BX_4skim6engine5fuzzyNtB7_11FuzzyEngineNtBb_11MatchEngine10match_item0Bb_
FN:59,_RNvMNtNtCs3Snzs7u97BX_4skim6engine5fuzzyNtB2_18FuzzyEngineBuilder12rank_builder
FN:49,_RNvMNtNtCs3Snzs7u97BX_4skim6engine5fuzzyNtB2_18FuzzyEngineBuilder4case
FN:65,_RNvMNtNtCs3Snzs7u97BX_4skim6engine5fuzzyNtB2_18FuzzyEngineBuilder5build
FN:44,_RNvMNtNtCs3Snzs7u97BX_4skim6engine5fuzzyNtB2_18FuzzyEngineBuilder5query
FN:54,_RNvMNtNtCs3Snzs7u97BX_4skim6engine5fuzzyNtB2_18FuzzyEngineBuilder9algorithm
FN:128,_RNvMs_NtNtCs3Snzs7u97BX_4skim6engine5fuzzyNtB4_11FuzzyEngine11fuzzy_match
FN:124,_RNvMs_NtNtCs3Snzs7u97BX_4skim6engine5fuzzyNtB4_11FuzzyEngine7builder
FN:140,_RNvXs0_NtNtCs3Snzs7u97BX_4skim6engine5fuzzyNtB5_11FuzzyEngineNtB9_11MatchEngine10match_item
FN:183,_RNvXs1_NtNtCs3Snzs7u97BX_4skim6engine5fuzzyNtB5_11FuzzyEngineNtNtCs3IJltBbNwOJ_4core3fmt7Display3fmt
FN:151,_RNCNCNvXs0_NtNtCs2dRlemTKIe9_4skim6engine5fuzzyNtB9_11FuzzyEngineNtBd_11MatchEngine10match_item00Bd_
FN:148,_RNCNvXs0_NtNtCs2dRlemTKIe9_4skim6engine5fuzzyNtB7_11FuzzyEngineNtBb_11MatchEngine10match_item0Bb_
FN:59,_RNvMNtNtCs2dRlemTKIe9_4skim6engine5fuzzyNtB2_18FuzzyEngineBuilder12rank_builder
FN:49,_RNvMNtNtCs2dRlemTKIe9_4skim6engine5fuzzyNtB2_18FuzzyEngineBuilder4case
FN:65,_RNvMNtNtCs2dRlemTKIe9_4skim6engine5fuzzyNtB2_18FuzzyEngineBuilder5build
FN:44,_RNvMNtNtCs2dRlemTKIe9_4skim6engine5fuzzyNtB2_18FuzzyEngineBuilder5query
FN:54,_RNvMNtNtCs2dRlemTKIe9_4skim6engine5fuzzyNtB2_18FuzzyEngineBuilder9algorithm
FN:128,_RNvMs_NtNtCs2dRlemTKIe9_4skim6engine5fuzzyNtB4_11FuzzyEngine11fuzzy_match
FN:124,_RNvMs_NtNtCs2dRlemTKIe9_4skim6engine5fuzzyNtB4_11FuzzyEngine7builder
FN:140,_RNvXs0_NtNtCs2dRlemTKIe9_4skim6engine5fuzzyNtB5_11FuzzyEngineNtB9_11MatchEngine10match_item
FN:183,_RNvXs1_NtNtCs2dRlemTKIe9_4skim6engine5fuzzyNtB5_11FuzzyEngineNtNtCs3IJltBbNwOJ_4core3fmt7Display3fmt
FNDA:0,_RNCNCNvXs0_NtNtCs3Snzs7u97BX_4skim6engine5fuzzyNtB9_11FuzzyEngineNtBd_11MatchEngine10match_item00Bd_
FNDA:0,_RNCNvXs0_NtNtCs3Snzs7u97BX_4skim6engine5fuzzyNtB7_11FuzzyEngineNtBb_11MatchEngine10match_item0Bb_
FNDA:0,_RNvMNtNtCs3Snzs7u97BX_4skim6engine5fuzzyNtB2_18FuzzyEngineBuilder12rank_builder
FNDA:0,_RNvMNtNtCs3Snzs7u97BX_4skim6engine5fuzzyNtB2_18FuzzyEngineBuilder4case
FNDA:0,_RNvMNtNtCs3Snzs7u97BX_4skim6engine5fuzzyNtB2_18FuzzyEngineBuilder5build
FNDA:0,_RNvMNtNtCs3Snzs7u97BX_4skim6engine5fuzzyNtB2_18FuzzyEngineBuilder5query
FNDA:0,_RNvMNtNtCs3Snzs7u97BX_4skim6engine5fuzzyNtB2_18FuzzyEngineBuilder9algorithm
FNDA:0,_RNvMs_NtNtCs3Snzs7u97BX_4skim6engine5fuzzyNtB4_11FuzzyEngine11fuzzy_match
FNDA:0,_RNvMs_NtNtCs3Snzs7u97BX_4skim6engine5fuzzyNtB4_11FuzzyEngine7builder
FNDA:0,_RNvXs0_NtNtCs3Snzs7u97BX_4skim6engine5fuzzyNtB5_11FuzzyEngineNtB9_11MatchEngine10match_item
FNDA:0,_RNvXs1_NtNtCs3Snzs7u97BX_4skim6engine5fuzzyNtB5_11FuzzyEngineNtNtCs3IJltBbNwOJ_4core3fmt7Display3fmt
FNDA:0,_RNCNCNvXs0_NtNtCs2dRlemTKIe9_4skim6engine5fuzzyNtB9_11FuzzyEngineNtBd_11MatchEngine10match_item00Bd_
FNDA:0,_RNCNvXs0_NtNtCs2dRlemTKIe9_4skim6engine5fuzzyNtB7_11FuzzyEngineNtBb_11MatchEngine10match_item0Bb_
FNDA:0,_RNvMNtNtCs2dRlemTKIe9_4skim6engine5fuzzyNtB2_18FuzzyEngineBuilder12rank_builder
FNDA:0,_RNvMNtNtCs2dRlemTKIe9_4skim6engine5fuzzyNtB2_18FuzzyEngineBuilder4case
FNDA:0,_RNvMNtNtCs2dRlemTKIe9_4skim6engine5fuzzyNtB2_18FuzzyEngineBuilder5build
FNDA:0,_RNvMNtNtCs2dRlemTKIe9_4skim6engine5fuzzyNtB2_18FuzzyEngineBuilder5query
FNDA:0,_RNvMNtNtCs2dRlemTKIe9_4skim6engine5fuzzyNtB2_18FuzzyEngineBuilder9algorithm
FNDA:0,_RNvMs_NtNtCs2dRlemTKIe9_4skim6engine5fuzzyNtB4_11FuzzyEngine11fuzzy_match
FNDA:0,_RNvMs_NtNtCs2dRlemTKIe9_4skim6engine5fuzzyNtB4_11FuzzyEngine7builder
FNDA:0,_RNvXs0_NtNtCs2dRlemTKIe9_4skim6engine5fuzzyNtB5_11FuzzyEngineNtB9_11MatchEngine10match_item
FNDA:0,_RNvXs1_NtNtCs2dRlemTKIe9_4skim6engine5fuzzyNtB5_11FuzzyEngineNtNtCs3IJltBbNwOJ_4core3fmt7Display3fmt
FNF:11
FNH:0
DA:44,0
DA:45,0
DA:46,0
DA:47,0
DA:49,0
DA:50,0
DA:51,0
DA:52,0
DA:54,0
DA:55,0
DA:56,0
DA:57,0
DA:59,0
DA:60,0
DA:61,0
DA:62,0
DA:65,0
DA:68,0
DA:74,0
DA:76,0
DA:77,0
DA:80,0
DA:81,0
DA:82,0
DA:83,0
DA:84,0
DA:86,0
DA:87,0
DA:90,0
DA:91,0
DA:92,0
DA:93,0
DA:94,0
DA:96,0
DA:97,0
DA:103,0
DA:107,0
DA:108,0
DA:109,0
DA:110,0
DA:111,0
DA:112,0
DA:124,0
DA:125,0
DA:126,0
DA:128,0
DA:129,0
DA:130,0
DA:131,0
DA:132,0
DA:133,0
DA:135,0
DA:136,0
DA:140,0
DA:142,0
DA:143,0
DA:144,0
DA:145,0
DA:146,0
DA:147,0
DA:148,0
DA:149,0
DA:150,0
DA:151,0
DA:153,0
DA:155,0
DA:157,0
DA:158,0
DA:159,0
DA:162,0
DA:164,0
DA:165,0
DA:167,0
DA:171,0
DA:173,0
DA:174,0
DA:175,0
DA:176,0
DA:177,0
DA:178,0
DA:179,0
DA:183,0
DA:184,0
DA:185,0
BRF:0
BRH:0
LF:86
LH:0
end_of_record
SF:/home/loric/src/skim/src/engine/normalized.rs
FN:79,_RINvMs2_NtNtCs3Snzs7u97BX_4skim6engine10normalizedNtB6_23NormalizedEngineFactory3newNtNtB8_7factory18AndOrEngineFactoryEBa_
FN:79,_RINvMs2_NtNtCs3Snzs7u97BX_4skim6engine10normalizedNtB6_23NormalizedEngineFactory3newNtNtB8_7factory18RegexEngineFactoryEBa_
FN:22,_RNvMNtNtCs3Snzs7u97BX_4skim6engine10normalizedNtB2_16NormalizedEngine3new
FN:55,_RNvXs0_NtNtCs3Snzs7u97BX_4skim6engine10normalizedNtB5_16NormalizedEngineNtNtCs3IJltBbNwOJ_4core3fmt7Display3fmt
FN:64,_RNvXs1_NtNtCs3Snzs7u97BX_4skim6engine10normalizedNtB5_14NormalizedItemNtNtB9_9skim_item8SkimItem4text
FN:85,_RNvXs3_NtNtCs3Snzs7u97BX_4skim6engine10normalizedNtB5_23NormalizedEngineFactoryNtB9_18MatchEngineFactory23create_engine_with_case
FN:28,_RNvXs_NtNtCs3Snzs7u97BX_4skim6engine10normalizedNtB4_16NormalizedEngineNtB8_11MatchEngine10match_item
FN:79,_RINvMs2_NtNtCs2dRlemTKIe9_4skim6engine10normalizedNtB6_23NormalizedEngineFactory3newpEBa_
FN:22,_RNvMNtNtCs2dRlemTKIe9_4skim6engine10normalizedNtB2_16NormalizedEngine3new
FN:55,_RNvXs0_NtNtCs2dRlemTKIe9_4skim6engine10normalizedNtB5_16NormalizedEngineNtNtCs3IJltBbNwOJ_4core3fmt7Display3fmt
FN:64,_RNvXs1_NtNtCs2dRlemTKIe9_4skim6engine10normalizedNtB5_14NormalizedItemNtNtB9_9skim_item8SkimItem4text
FN:85,_RNvXs3_NtNtCs2dRlemTKIe9_4skim6engine10normalizedNtB5_23NormalizedEngineFactoryNtB9_18MatchEngineFactory23create_engine_with_case
FN:28,_RNvXs_NtNtCs2dRlemTKIe9_4skim6engine10normalizedNtB4_16NormalizedEngineNtB8_11MatchEngine10match_item
FNDA:0,_RINvMs2_NtNtCs3Snzs7u97BX_4skim6engine10normalizedNtB6_23NormalizedEngineFactory3newNtNtB8_7factory18AndOrEngineFactoryEBa_
FNDA:0,_RINvMs2_NtNtCs3Snzs7u97BX_4skim6engine10normalizedNtB6_23NormalizedEngineFactory3newNtNtB8_7factory18RegexEngineFactoryEBa_
FNDA:0,_RNvMNtNtCs3Snzs7u97BX_4skim6engine10normalizedNtB2_16NormalizedEngine3new
FNDA:0,_RNvXs0_NtNtCs3Snzs7u97BX_4skim6engine10normalizedNtB5_16NormalizedEngineNtNtCs3IJltBbNwOJ_4core3fmt7Display3fmt
FNDA:0,_RNvXs1_NtNtCs3Snzs7u97BX_4skim6engine10normalizedNtB5_14NormalizedItemNtNtB9_9skim_item8SkimItem4text
FNDA:0,_RNvXs3_NtNtCs3Snzs7u97BX_4skim6engine10normalizedNtB5_23NormalizedEngineFactoryNtB9_18MatchEngineFactory23create_engine_with_case
FNDA:0,_RNvXs_NtNtCs3Snzs7u97BX_4skim6engine10normalizedNtB4_16NormalizedEngineNtB8_11MatchEngine10match_item
FNDA:0,_RINvMs2_NtNtCs2dRlemTKIe9_4skim6engine10normalizedNtB6_23NormalizedEngineFactory3newpEBa_
FNDA:0,_RNvMNtNtCs2dRlemTKIe9_4skim6engine10normalizedNtB2_16NormalizedEngine3new
FNDA:0,_RNvXs0_NtNtCs2dRlemTKIe9_4skim6engine10normalizedNtB5_16NormalizedEngineNtNtCs3IJltBbNwOJ_4core3fmt7Display3fmt
FNDA:0,_RNvXs1_NtNtCs2dRlemTKIe9_4skim6engine10normalizedNtB5_14NormalizedItemNtNtB9_9skim_item8SkimItem4text
FNDA:0,_RNvXs3_NtNtCs2dRlemTKIe9_4skim6engine10normalizedNtB5_23NormalizedEngineFactoryNtB9_18MatchEngineFactory23create_engine_with_case
FNDA:0,_RNvXs_NtNtCs2dRlemTKIe9_4skim6engine10normalizedNtB4_16NormalizedEngineNtB8_11MatchEngine10match_item
FNF:6
FNH:0
DA:22,0
DA:23,0
DA:24,0
DA:28,0
DA:29,0
DA:32,0
DA:33,0
DA:36,0
DA:39,0
DA:42,0
DA:43,0
DA:44,0
DA:45,0
DA:46,0
DA:50,0
DA:51,0
DA:55,0
DA:56,0
DA:57,0
DA:64,0
DA:65,0
DA:66,0
DA:79,0
DA:80,0
DA:81,0
DA:85,0
DA:87,0
DA:90,0
DA:93,0
DA:94,0
BRF:0
BRH:0
LF:30
LH:0
end_of_record
SF:/home/loric/src/skim/src/engine/regexp.rs
FN:89,_RNCNvXs0_NtNtCs3Snzs7u97BX_4skim6engine6regexpNtB7_11RegexEngineNtNtCs3IJltBbNwOJ_4core3fmt7Display3fmt0Bb_
FN:62,_RNCNvXs_NtNtCs3Snzs7u97BX_4skim6engine6regexpNtB6_11RegexEngineNtBa_11MatchEngine10match_item0Ba_
FN:38,_RNvMNtNtCs3Snzs7u97BX_4skim6engine6regexpNtB2_11RegexEngine12rank_builder
FN:43,_RNvMNtNtCs3Snzs7u97BX_4skim6engine6regexpNtB2_11RegexEngine5build
FN:21,_RNvMNtNtCs3Snzs7u97BX_4skim6engine6regexpNtB2_11RegexEngine7builder
FN:83,_RNvXs0_NtNtCs3Snzs7u97BX_4skim6engine6regexpNtB5_11RegexEngineNtNtCs3IJltBbNwOJ_4core3fmt7Display3fmt
FN:49,_RNvXs_NtNtCs3Snzs7u97BX_4skim6engine6regexpNtB4_11RegexEngineNtB8_11MatchEngine10match_item
FN:89,_RNCNvXs0_NtNtCs2dRlemTKIe9_4skim6engine6regexpNtB7_11RegexEngineNtNtCs3IJltBbNwOJ_4core3fmt7Display3fmt0Bb_
FN:62,_RNCNvXs_NtNtCs2dRlemTKIe9_4skim6engine6regexpNtB6_11RegexEngineNtBa_11MatchEngine10match_item0Ba_
FN:38,_RNvMNtNtCs2dRlemTKIe9_4skim6engine6regexpNtB2_11RegexEngine12rank_builder
FN:43,_RNvMNtNtCs2dRlemTKIe9_4skim6engine6regexpNtB2_11RegexEngine5build
FN:21,_RNvMNtNtCs2dRlemTKIe9_4skim6engine6regexpNtB2_11RegexEngine7builder
FN:83,_RNvXs0_NtNtCs2dRlemTKIe9_4skim6engine6regexpNtB5_11RegexEngineNtNtCs3IJltBbNwOJ_4core3fmt7Display3fmt
FN:49,_RNvXs_NtNtCs2dRlemTKIe9_4skim6engine6regexpNtB4_11RegexEngineNtB8_11MatchEngine10match_item
FNDA:0,_RNCNvXs0_NtNtCs3Snzs7u97BX_4skim6engine6regexpNtB7_11RegexEngineNtNtCs3IJltBbNwOJ_4core3fmt7Display3fmt0Bb_
FNDA:0,_RNCNvXs_NtNtCs3Snzs7u97BX_4skim6engine6regexpNtB6_11RegexEngineNtBa_11MatchEngine10match_item0Ba_
FNDA:0,_RNvMNtNtCs3Snzs7u97BX_4skim6engine6regexpNtB2_11RegexEngine12rank_builder
FNDA:0,_RNvMNtNtCs3Snzs7u97BX_4skim6engine6regexpNtB2_11RegexEngine5build
FNDA:0,_RNvMNtNtCs3Snzs7u97BX_4skim6engine6regexpNtB2_11RegexEngine7builder
FNDA:0,_RNvXs0_NtNtCs3Snzs7u97BX_4skim6engine6regexpNtB5_11RegexEngineNtNtCs3IJltBbNwOJ_4core3fmt7Display3fmt
FNDA:0,_RNvXs_NtNtCs3Snzs7u97BX_4skim6engine6regexpNtB4_11RegexEngineNtB8_11MatchEngine10match_item
FNDA:0,_RNCNvXs0_NtNtCs2dRlemTKIe9_4skim6engine6regexpNtB7_11RegexEngineNtNtCs3IJltBbNwOJ_4core3fmt7Display3fmt0Bb_
FNDA:0,_RNCNvXs_NtNtCs2dRlemTKIe9_4skim6engine6regexpNtB6_11RegexEngineNtBa_11MatchEngine10match_item0Ba_
FNDA:0,_RNvMNtNtCs2dRlemTKIe9_4skim6engine6regexpNtB2_11RegexEngine12rank_builder
FNDA:0,_RNvMNtNtCs2dRlemTKIe9_4skim6engine6regexpNtB2_11RegexEngine5build
FNDA:0,_RNvMNtNtCs2dRlemTKIe9_4skim6engine6regexpNtB2_11RegexEngine7builder
FNDA:0,_RNvXs0_NtNtCs2dRlemTKIe9_4skim6engine6regexpNtB5_11RegexEngineNtNtCs3IJltBbNwOJ_4core3fmt7Display3fmt
FNDA:0,_RNvXs_NtNtCs2dRlemTKIe9_4skim6engine6regexpNtB4_11RegexEngineNtB8_11MatchEngine10match_item
FNF:7
FNH:0
DA:21,0
DA:22,0
DA:24,0
DA:25,0
DA:26,0
DA:27,0
DA:30,0
DA:32,0
DA:33,0
DA:34,0
DA:35,0
DA:36,0
DA:38,0
DA:39,0
DA:40,0
DA:41,0
DA:43,0
DA:44,0
DA:45,0
DA:49,0
DA:50,0
DA:51,0
DA:52,0
DA:53,0
DA:54,0
DA:55,0
DA:56,0
DA:57,0
DA:58,0
DA:59,0
DA:62,0
DA:64,0
DA:65,0
DA:66,0
DA:69,0
DA:70,0
DA:71,0
DA:73,0
DA:74,0
DA:75,0
DA:76,0
DA:77,0
DA:78,0
DA:79,0
DA:83,0
DA:84,0
DA:85,0
DA:87,0
DA:88,0
DA:89,0
DA:91,0
BRF:0
BRH:0
LF:53
LH:0
end_of_record
SF:/home/loric/src/skim/src/engine/split.rs
FN:126,_RINvMs2_NtNtCs3Snzs7u97BX_4skim6engine5splitNtB6_23SplitMatchEngineFactory3newNtNtB8_7factory25ExactOrFuzzyEngineFactoryEBa_
FN:37,_RNCNvXs_NtNtCs3Snzs7u97BX_4skim6engine5splitNtB6_16SplitMatchEngineNtBa_11MatchEngine10match_item0Ba_
FN:63,_RNCNvXs_NtNtCs3Snzs7u97BX_4skim6engine5splitNtB6_16SplitMatchEngineNtBa_11MatchEngine10match_items0_0Ba_
FN:73,_RNCNvXs_NtNtCs3Snzs7u97BX_4skim6engine5splitNtB6_16SplitMatchEngineNtBa_11MatchEngine10match_items2_0Ba_
FN:79,_RNCNvXs_NtNtCs3Snzs7u97BX_4skim6engine5splitNtB6_16SplitMatchEngineNtBa_11MatchEngine10match_items3_0Ba_
FN:80,_RNCNvXs_NtNtCs3Snzs7u97BX_4skim6engine5splitNtB6_16SplitMatchEngineNtBa_11MatchEngine10match_items4_0Ba_
FN:23,_RNvMNtNtCs3Snzs7u97BX_4skim6engine5splitNtB2_16SplitMatchEngine3new
FN:97,_RNvXs0_NtNtCs3Snzs7u97BX_4skim6engine5splitNtB5_16SplitMatchEngineNtNtCs3IJltBbNwOJ_4core3fmt7Display3fmt
FN:110,_RNvXs1_NtNtCs3Snzs7u97BX_4skim6engine5splitNtB5_10StringItemNtNtB9_9skim_item8SkimItem4text
FN:135,_RNvXs3_NtNtCs3Snzs7u97BX_4skim6engine5splitNtB5_23SplitMatchEngineFactoryNtB9_18MatchEngineFactory23create_engine_with_case
FN:33,_RNvXs_NtNtCs3Snzs7u97BX_4skim6engine5splitNtB4_16SplitMatchEngineNtB8_11MatchEngine10match_item
FN:126,_RINvMs2_NtNtCs2dRlemTKIe9_4skim6engine5splitNtB6_23SplitMatchEngineFactory3newpEBa_
FN:37,_RNCNvXs_NtNtCs2dRlemTKIe9_4skim6engine5splitNtB6_16SplitMatchEngineNtBa_11MatchEngine10match_item0Ba_
FN:63,_RNCNvXs_NtNtCs2dRlemTKIe9_4skim6engine5splitNtB6_16SplitMatchEngineNtBa_11MatchEngine10match_items0_0Ba_
FN:73,_RNCNvXs_NtNtCs2dRlemTKIe9_4skim6engine5splitNtB6_16SplitMatchEngineNtBa_11MatchEngine10match_items2_0Ba_
FN:79,_RNCNvXs_NtNtCs2dRlemTKIe9_4skim6engine5splitNtB6_16SplitMatchEngineNtBa_11MatchEngine10match_items3_0Ba_
FN:80,_RNCNvXs_NtNtCs2dRlemTKIe9_4skim6engine5splitNtB6_16SplitMatchEngineNtBa_11MatchEngine10match_items4_0Ba_
FN:23,_RNvMNtNtCs2dRlemTKIe9_4skim6engine5splitNtB2_16SplitMatchEngine3new
FN:97,_RNvXs0_NtNtCs2dRlemTKIe9_4skim6engine5splitNtB5_16SplitMatchEngineNtNtCs3IJltBbNwOJ_4core3fmt7Display3fmt
FN:110,_RNvXs1_NtNtCs2dRlemTKIe9_4skim6engine5splitNtB5_10StringItemNtNtB9_9skim_item8SkimItem4text
FN:135,_RNvXs3_NtNtCs2dRlemTKIe9_4skim6engine5splitNtB5_23SplitMatchEngineFactoryNtB9_18MatchEngineFactory23create_engine_with_case
FN:33,_RNvXs_NtNtCs2dRlemTKIe9_4skim6engine5splitNtB4_16SplitMatchEngineNtB8_11MatchEngine10match_item
FNDA:0,_RINvMs2_NtNtCs3Snzs7u97BX_4skim6engine5splitNtB6_23SplitMatchEngineFactory3newNtNtB8_7factory25ExactOrFuzzyEngineFactoryEBa_
FNDA:0,_RNCNvXs_NtNtCs3Snzs7u97BX_4skim6engine5splitNtB6_16SplitMatchEngineNtBa_11MatchEngine10match_item0Ba_
FNDA:0,_RNCNvXs_NtNtCs3Snzs7u97BX_4skim6engine5splitNtB6_16SplitMatchEngineNtBa_11MatchEngine10match_items0_0Ba_
FNDA:0,_RNCNvXs_NtNtCs3Snzs7u97BX_4skim6engine5splitNtB6_16SplitMatchEngineNtBa_11MatchEngine10match_items2_0Ba_
FNDA:0,_RNCNvXs_NtNtCs3Snzs7u97BX_4skim6engine5splitNtB6_16SplitMatchEngineNtBa_11MatchEngine10match_items3_0Ba_
FNDA:0,_RNCNvXs_NtNtCs3Snzs7u97BX_4skim6engine5splitNtB6_16SplitMatchEngineNtBa_11MatchEngine10match_items4_0Ba_
FNDA:0,_RNvMNtNtCs3Snzs7u97BX_4skim6engine5splitNtB2_16SplitMatchEngine3new
FNDA:0,_RNvXs0_NtNtCs3Snzs7u97BX_4skim6engine5splitNtB5_16SplitMatchEngineNtNtCs3IJltBbNwOJ_4core3fmt7Display3fmt
FNDA:0,_RNvXs1_NtNtCs3Snzs7u97BX_4skim6engine5splitNtB5_10StringItemNtNtB9_9skim_item8SkimItem4text
FNDA:0,_RNvXs3_NtNtCs3Snzs7u97BX_4skim6engine5splitNtB5_23SplitMatchEngineFactoryNtB9_18MatchEngineFactory23create_engine_with_case
FNDA:0,_RNvXs_NtNtCs3Snzs7u97BX_4skim6engine5splitNtB4_16SplitMatchEngineNtB8_11MatchEngine10match_item
FNDA:0,_RINvMs2_NtNtCs2dRlemTKIe9_4skim6engine5splitNtB6_23SplitMatchEngineFactory3newpEBa_
FNDA:0,_RNCNvXs_NtNtCs2dRlemTKIe9_4skim6engine5splitNtB6_16SplitMatchEngineNtBa_11MatchEngine10match_item0Ba_
FNDA:0,_RNCNvXs_NtNtCs2dRlemTKIe9_4skim6engine5splitNtB6_16SplitMatchEngineNtBa_11MatchEngine10match_items0_0Ba_
FNDA:0,_RNCNvXs_NtNtCs2dRlemTKIe9_4skim6engine5splitNtB6_16SplitMatchEngineNtBa_11MatchEngine10match_items2_0Ba_
FNDA:0,_RNCNvXs_NtNtCs2dRlemTKIe9_4skim6engine5splitNtB6_16SplitMatchEngineNtBa_11MatchEngine10match_items3_0Ba_
FNDA:0,_RNCNvXs_NtNtCs2dRlemTKIe9_4skim6engine5splitNtB6_16SplitMatchEngineNtBa_11MatchEngine10match_items4_0Ba_
FNDA:0,_RNvMNtNtCs2dRlemTKIe9_4skim6engine5splitNtB2_16SplitMatchEngine3new
FNDA:0,_RNvXs0_NtNtCs2dRlemTKIe9_4skim6engine5splitNtB5_16SplitMatchEngineNtNtCs3IJltBbNwOJ_4core3fmt7Display3fmt
FNDA:0,_RNvXs1_NtNtCs2dRlemTKIe9_4skim6engine5splitNtB5_10StringItemNtNtB9_9skim_item8SkimItem4text
FNDA:0,_RNvXs3_NtNtCs2dRlemTKIe9_4skim6engine5splitNtB5_23SplitMatchEngineFactoryNtB9_18MatchEngineFactory23create_engine_with_case
FNDA:0,_RNvXs_NtNtCs2dRlemTKIe9_4skim6engine5splitNtB4_16SplitMatchEngineNtB8_11MatchEngine10match_item
FNF:11
FNH:0
DA:23,0
DA:24,0
DA:25,0
DA:26,0
DA:27,0
DA:28,0
DA:29,0
DA:33,0
DA:34,0
DA:37,0
DA:40,0
DA:42,0
DA:43,0
DA:46,0
DA:47,0
DA:50,0
DA:51,0
DA:54,0
DA:56,0
DA:57,0
DA:58,0
DA:60,0
DA:61,0
DA:62,0
DA:63,0
DA:64,0
DA:65,0
DA:70,0
DA:72,0
DA:73,0
DA:74,0
DA:76,0
DA:77,0
DA:78,0
DA:79,0
DA:80,0
DA:81,0
DA:85,0
DA:86,0
DA:87,0
DA:89,0
DA:90,0
DA:91,0
DA:92,0
DA:93,0
DA:97,0
DA:98,0
DA:99,0
DA:103,0
DA:110,0
DA:111,0
DA:112,0
DA:126,0
DA:127,0
DA:128,0
DA:129,0
DA:130,0
DA:131,0
DA:135,0
DA:137,0
DA:138,0
DA:139,0
DA:142,0
DA:143,0
DA:145,0
DA:148,0
DA:150,0
BRF:0
BRH:0
LF:72
LH:0
end_of_record
SF:/home/loric/src/skim/src/engine/util.rs
FN:85,_RNCNvNtNtCs3Snzs7u97BX_4skim6engine4util26map_byte_range_to_original0B7_
FN:32,_RNCNvNtNtCs3Snzs7u97BX_4skim6engine4util28map_char_indices_to_original0B7_
FN:96,_RNvNtNtCs3Snzs7u97BX_4skim6engine4util11regex_match
FN:106,_RNvNtNtCs3Snzs7u97BX_4skim6engine4util14contains_upper
FN:65,_RNvNtNtCs3Snzs7u97BX_4skim6engine4util26map_byte_range_to_original
FN:40,_RNvNtNtCs3Snzs7u97BX_4skim6engine4util27normalize_with_byte_mapping
FN:8,_RNvNtNtCs3Snzs7u97BX_4skim6engine4util27normalize_with_char_mapping
FN:29,_RNvNtNtCs3Snzs7u97BX_4skim6engine4util28map_char_indices_to_original
FN:96,_RNvNtNtCs2dRlemTKIe9_4skim6engine4util11regex_match
FN:106,_RNvNtNtCs2dRlemTKIe9_4skim6engine4util14contains_upper
FN:85,_RNCNvNtNtCs2dRlemTKIe9_4skim6engine4util26map_byte_range_to_original0B7_
FN:32,_RNCNvNtNtCs2dRlemTKIe9_4skim6engine4util28map_char_indices_to_original0B7_
FN:65,_RNvNtNtCs2dRlemTKIe9_4skim6engine4util26map_byte_range_to_original
FN:40,_RNvNtNtCs2dRlemTKIe9_4skim6engine4util27normalize_with_byte_mapping
FN:8,_RNvNtNtCs2dRlemTKIe9_4skim6engine4util27normalize_with_char_mapping
FN:29,_RNvNtNtCs2dRlemTKIe9_4skim6engine4util28map_char_indices_to_original
FNDA:0,_RNCNvNtNtCs3Snzs7u97BX_4skim6engine4util26map_byte_range_to_original0B7_
FNDA:0,_RNCNvNtNtCs3Snzs7u97BX_4skim6engine4util28map_char_indices_to_original0B7_
FNDA:0,_RNvNtNtCs3Snzs7u97BX_4skim6engine4util11regex_match
FNDA:0,_RNvNtNtCs3Snzs7u97BX_4skim6engine4util14contains_upper
FNDA:0,_RNvNtNtCs3Snzs7u97BX_4skim6engine4util26map_byte_range_to_original
FNDA:0,_RNvNtNtCs3Snzs7u97BX_4skim6engine4util27normalize_with_byte_mapping
FNDA:0,_RNvNtNtCs3Snzs7u97BX_4skim6engine4util27normalize_with_char_mapping
FNDA:0,_RNvNtNtCs3Snzs7u97BX_4skim6engine4util28map_char_indices_to_original
FNDA:0,_RNvNtNtCs2dRlemTKIe9_4skim6engine4util11regex_match
FNDA:0,_RNvNtNtCs2dRlemTKIe9_4skim6engine4util14contains_upper
FNDA:0,_RNCNvNtNtCs2dRlemTKIe9_4skim6engine4util26map_byte_range_to_original0B7_
FNDA:0,_RNCNvNtNtCs2dRlemTKIe9_4skim6engine4util28map_char_indices_to_original0B7_
FNDA:0,_RNvNtNtCs2dRlemTKIe9_4skim6engine4util26map_byte_range_to_original
FNDA:0,_RNvNtNtCs2dRlemTKIe9_4skim6engine4util27normalize_with_byte_mapping
FNDA:0,_RNvNtNtCs2dRlemTKIe9_4skim6engine4util27normalize_with_char_mapping
FNDA:0,_RNvNtNtCs2dRlemTKIe9_4skim6engine4util28map_char_indices_to_original
FNF:8
FNH:0
DA:8,0
DA:9,0
DA:10,0
DA:12,0
DA:14,0
DA:15,0
DA:16,0
DA:17,0
DA:18,0
DA:22,0
DA:23,0
DA:29,0
DA:30,0
DA:31,0
DA:32,0
DA:33,0
DA:34,0
DA:40,0
DA:41,0
DA:42,0
DA:44,0
DA:46,0
DA:47,0
DA:48,0
DA:49,0
DA:51,0
DA:52,0
DA:53,0
DA:54,0
DA:58,0
DA:59,0
DA:65,0
DA:66,0
DA:67,0
DA:68,0
DA:69,0
DA:70,0
DA:71,0
DA:72,0
DA:73,0
DA:75,0
DA:79,0
DA:80,0
DA:82,0
DA:83,0
DA:84,0
DA:85,0
DA:86,0
DA:87,0
DA:88,0
DA:90,0
DA:93,0
DA:94,0
DA:96,0
DA:97,0
DA:98,0
DA:99,0
DA:100,0
DA:102,0
DA:104,0
DA:106,0
DA:107,0
DA:108,0
DA:109,0
DA:110,0
DA:112,0
DA:113,0
BRF:0
BRH:0
LF:69
LH:0
end_of_record
SF:/home/loric/src/skim/src/field.rs
FN:37,_RNCNvMNtCs3Snzs7u97BX_4skim5fieldNtB4_10FieldRange8from_str0B6_
FN:39,_RNCNvMNtCs3Snzs7u97BX_4skim5fieldNtB4_10FieldRange8from_strs0_0B6_
FN:38,_RNCNvMNtCs3Snzs7u97BX_4skim5fieldNtB4_10FieldRange8from_strs_0B6_
FN:13,_RNCNvNtCs3Snzs7u97BX_4skim5field11FIELD_RANGE0B5_
FN:145,_RNCNvNtCs3Snzs7u97BX_4skim5field19get_string_by_range0B5_
FN:66,_RNvMNtCs3Snzs7u97BX_4skim5fieldNtB2_10FieldRange13to_index_pair
FN:107,_RNvMNtCs3Snzs7u97BX_4skim5fieldNtB2_10FieldRange13translate_neg
FN:31,_RNvMNtCs3Snzs7u97BX_4skim5fieldNtB2_10FieldRange8from_str
FN:131,_RNvNtCs3Snzs7u97BX_4skim5field19get_string_by_field
FN:144,_RNvNtCs3Snzs7u97BX_4skim5field19get_string_by_range
FN:152,_RNvNtCs3Snzs7u97BX_4skim5field21parse_matching_fields
FN:167,_RNvNtCs3Snzs7u97BX_4skim5field22parse_transform_fields
FN:116,_RNvNtCs3Snzs7u97BX_4skim5field23get_ranges_by_delimiter
FN:37,_RNCNvMNtCs2dRlemTKIe9_4skim5fieldNtB4_10FieldRange8from_str0B6_
FN:39,_RNCNvMNtCs2dRlemTKIe9_4skim5fieldNtB4_10FieldRange8from_strs0_0B6_
FN:38,_RNCNvMNtCs2dRlemTKIe9_4skim5fieldNtB4_10FieldRange8from_strs_0B6_
FN:13,_RNCNvNtCs2dRlemTKIe9_4skim5field11FIELD_RANGE0B5_
FN:66,_RNvMNtCs2dRlemTKIe9_4skim5fieldNtB2_10FieldRange13to_index_pair
FN:107,_RNvMNtCs2dRlemTKIe9_4skim5fieldNtB2_10FieldRange13translate_neg
FN:31,_RNvMNtCs2dRlemTKIe9_4skim5fieldNtB2_10FieldRange8from_str
FN:131,_RNvNtCs2dRlemTKIe9_4skim5field19get_string_by_field
FN:152,_RNvNtCs2dRlemTKIe9_4skim5field21parse_matching_fields
FN:167,_RNvNtCs2dRlemTKIe9_4skim5field22parse_transform_fields
FN:116,_RNvNtCs2dRlemTKIe9_4skim5field23get_ranges_by_delimiter
FN:145,_RNCNvNtCs2dRlemTKIe9_4skim5field19get_string_by_range0B5_
FN:144,_RNvNtCs2dRlemTKIe9_4skim5field19get_string_by_range
FNDA:0,_RNCNvMNtCs3Snzs7u97BX_4skim5fieldNtB4_10FieldRange8from_str0B6_
FNDA:0,_RNCNvMNtCs3Snzs7u97BX_4skim5fieldNtB4_10FieldRange8from_strs0_0B6_
FNDA:0,_RNCNvMNtCs3Snzs7u97BX_4skim5fieldNtB4_10FieldRange8from_strs_0B6_
FNDA:0,_RNCNvNtCs3Snzs7u97BX_4skim5field11FIELD_RANGE0B5_
FNDA:0,_RNCNvNtCs3Snzs7u97BX_4skim5field19get_string_by_range0B5_
FNDA:0,_RNvMNtCs3Snzs7u97BX_4skim5fieldNtB2_10FieldRange13to_index_pair
FNDA:0,_RNvMNtCs3Snzs7u97BX_4skim5fieldNtB2_10FieldRange13translate_neg
FNDA:0,_RNvMNtCs3Snzs7u97BX_4skim5fieldNtB2_10FieldRange8from_str
FNDA:0,_RNvNtCs3Snzs7u97BX_4skim5field19get_string_by_field
FNDA:0,_RNvNtCs3Snzs7u97BX_4skim5field19get_string_by_range
FNDA:0,_RNvNtCs3Snzs7u97BX_4skim5field21parse_matching_fields
FNDA:0,_RNvNtCs3Snzs7u97BX_4skim5field22parse_transform_fields
FNDA:0,_RNvNtCs3Snzs7u97BX_4skim5field23get_ranges_by_delimiter
FNDA:0,_RNCNvMNtCs2dRlemTKIe9_4skim5fieldNtB4_10FieldRange8from_str0B6_
FNDA:0,_RNCNvMNtCs2dRlemTKIe9_4skim5fieldNtB4_10FieldRange8from_strs0_0B6_
FNDA:0,_RNCNvMNtCs2dRlemTKIe9_4skim5fieldNtB4_10FieldRange8from_strs_0B6_
FNDA:0,_RNCNvNtCs2dRlemTKIe9_4skim5field11FIELD_RANGE0B5_
FNDA:0,_RNvMNtCs2dRlemTKIe9_4skim5fieldNtB2_10FieldRange13to_index_pair
FNDA:0,_RNvMNtCs2dRlemTKIe9_4skim5fieldNtB2_10FieldRange13translate_neg
FNDA:0,_RNvMNtCs2dRlemTKIe9_4skim5fieldNtB2_10FieldRange8from_str
FNDA:0,_RNvNtCs2dRlemTKIe9_4skim5field19get_string_by_field
FNDA:0,_RNvNtCs2dRlemTKIe9_4skim5field21parse_matching_fields
FNDA:0,_RNvNtCs2dRlemTKIe9_4skim5field22parse_transform_fields
FNDA:0,_RNvNtCs2dRlemTKIe9_4skim5field23get_ranges_by_delimiter
FNDA:0,_RNCNvNtCs2dRlemTKIe9_4skim5field19get_string_by_range0B5_
FNDA:0,_RNvNtCs2dRlemTKIe9_4skim5field19get_string_by_range
FNF:13
FNH:0
DA:13,0
DA:31,0
DA:35,0
DA:36,0
DA:37,0
DA:38,0
DA:39,0
DA:41,0
DA:42,0
DA:43,0
DA:44,0
DA:45,0
DA:46,0
DA:49,0
DA:50,0
DA:51,0
DA:52,0
DA:55,0
DA:58,0
DA:60,0
DA:66,0
DA:68,0
DA:69,0
DA:70,0
DA:71,0
DA:72,0
DA:74,0
DA:77,0
DA:78,0
DA:79,0
DA:80,0
DA:82,0
DA:83,0
DA:86,0
DA:87,0
DA:88,0
DA:89,0
DA:91,0
DA:92,0
DA:95,0
DA:96,0
DA:97,0
DA:98,0
DA:99,0
DA:101,0
DA:105,0
DA:107,0
DA:108,0
DA:109,0
DA:110,0
DA:111,0
DA:116,0
DA:117,0
DA:118,0
DA:119,0
DA:120,0
DA:121,0
DA:122,0
DA:123,0
DA:124,0
DA:125,0
DA:131,0
DA:132,0
DA:134,0
DA:135,0
DA:136,0
DA:137,0
DA:139,0
DA:141,0
DA:144,0
DA:145,0
DA:146,0
DA:152,0
DA:153,0
DA:155,0
DA:156,0
DA:157,0
DA:158,0
DA:159,0
DA:160,0
DA:161,0
DA:163,0
DA:164,0
DA:167,0
DA:168,0
DA:170,0
DA:171,0
DA:172,0
DA:173,0
DA:174,0
DA:175,0
DA:176,0
DA:178,0
DA:179,0
BRF:0
BRH:0
LF:98
LH:0
end_of_record
SF:/home/loric/src/skim/src/fuzzy_matcher/clangd.rs
FN:168,_RNCNvXs0_NtNtCs3Snzs7u97BX_4skim13fuzzy_matcher6clangdNtB7_13ClangdMatcherNtB9_12FuzzyMatcher11fuzzy_match0Bb_
FN:193,_RNCNvXs0_NtNtCs3Snzs7u97BX_4skim13fuzzy_matcher6clangdNtB7_13ClangdMatcherNtB9_12FuzzyMatcher11fuzzy_matchs0_0Bb_
FN:194,_RNCNvXs0_NtNtCs3Snzs7u97BX_4skim13fuzzy_matcher6clangdNtB7_13ClangdMatcherNtB9_12FuzzyMatcher11fuzzy_matchs1_0Bb_
FN:169,_RNCNvXs0_NtNtCs3Snzs7u97BX_4skim13fuzzy_matcher6clangdNtB7_13ClangdMatcherNtB9_12FuzzyMatcher11fuzzy_matchs_0Bb_
FN:106,_RNCNvXs0_NtNtCs3Snzs7u97BX_4skim13fuzzy_matcher6clangdNtB7_13ClangdMatcherNtB9_12FuzzyMatcher13fuzzy_indices0Bb_
FN:157,_RNCNvXs0_NtNtCs3Snzs7u97BX_4skim13fuzzy_matcher6clangdNtB7_13ClangdMatcherNtB9_12FuzzyMatcher13fuzzy_indicess0_0Bb_
FN:158,_RNCNvXs0_NtNtCs3Snzs7u97BX_4skim13fuzzy_matcher6clangdNtB7_13ClangdMatcherNtB9_12FuzzyMatcher13fuzzy_indicess1_0Bb_
FN:107,_RNCNvXs0_NtNtCs3Snzs7u97BX_4skim13fuzzy_matcher6clangdNtB7_13ClangdMatcherNtB9_12FuzzyMatcher13fuzzy_indicess_0Bb_
FN:66,_RNvMs_NtNtCs3Snzs7u97BX_4skim13fuzzy_matcher6clangdNtB4_13ClangdMatcher10smart_case
FN:60,_RNvMs_NtNtCs3Snzs7u97BX_4skim13fuzzy_matcher6clangdNtB4_13ClangdMatcher11ignore_case
FN:72,_RNvMs_NtNtCs3Snzs7u97BX_4skim13fuzzy_matcher6clangdNtB4_13ClangdMatcher12respect_case
FN:83,_RNvMs_NtNtCs3Snzs7u97BX_4skim13fuzzy_matcher6clangdNtB4_13ClangdMatcher14contains_upper
FN:93,_RNvMs_NtNtCs3Snzs7u97BX_4skim13fuzzy_matcher6clangdNtB4_13ClangdMatcher17is_case_sensitive
FN:367,_RNvNtNtCs3Snzs7u97BX_4skim13fuzzy_matcher6clangd11allow_match
FN:213,_RNvNtNtCs3Snzs7u97BX_4skim13fuzzy_matcher6clangd11build_graph
FN:207,_RNvNtNtCs3Snzs7u97BX_4skim13fuzzy_matcher6clangd11fuzzy_match
FN:371,_RNvNtNtCs3Snzs7u97BX_4skim13fuzzy_matcher6clangd11match_bonus
FN:320,_RNvNtNtCs3Snzs7u97BX_4skim13fuzzy_matcher6clangd12adjust_score
FN:352,_RNvNtNtCs3Snzs7u97BX_4skim13fuzzy_matcher6clangd12skip_penalty
FN:202,_RNvNtNtCs3Snzs7u97BX_4skim13fuzzy_matcher6clangd13fuzzy_indices
FN:48,_RNvXNtNtCs3Snzs7u97BX_4skim13fuzzy_matcher6clangdNtB2_13ClangdMatcherNtNtCs3IJltBbNwOJ_4core7default7Default7default
FN:165,_RNvXs0_NtNtCs3Snzs7u97BX_4skim13fuzzy_matcher6clangdNtB5_13ClangdMatcherNtB7_12FuzzyMatcher11fuzzy_match
FN:103,_RNvXs0_NtNtCs3Snzs7u97BX_4skim13fuzzy_matcher6clangdNtB5_13ClangdMatcherNtB7_12FuzzyMatcher13fuzzy_indices
FN:342,_RNvXs1_NtNtCs3Snzs7u97BX_4skim13fuzzy_matcher6clangdNtB5_5ScoreNtNtCs3IJltBbNwOJ_4core7default7Default7default
FN:78,_RNvMs_NtNtCs3Snzs7u97BX_4skim13fuzzy_matcher6clangdNtB4_13ClangdMatcher9use_cache
FN:479,_RNvNtNtCs3Snzs7u97BX_4skim13fuzzy_matcher6clangd8print_dp
FN:168,_RNCNvXs0_NtNtCs2dRlemTKIe9_4skim13fuzzy_matcher6clangdNtB7_13ClangdMatcherNtB9_12FuzzyMatcher11fuzzy_match0Bb_
FN:193,_RNCNvXs0_NtNtCs2dRlemTKIe9_4skim13fuzzy_matcher6clangdNtB7_13ClangdMatcherNtB9_12FuzzyMatcher11fuzzy_matchs0_0Bb_
FN:194,_RNCNvXs0_NtNtCs2dRlemTKIe9_4skim13fuzzy_matcher6clangdNtB7_13ClangdMatcherNtB9_12FuzzyMatcher11fuzzy_matchs1_0Bb_
FN:169,_RNCNvXs0_NtNtCs2dRlemTKIe9_4skim13fuzzy_matcher6clangdNtB7_13ClangdMatcherNtB9_12FuzzyMatcher11fuzzy_matchs_0Bb_
FN:106,_RNCNvXs0_NtNtCs2dRlemTKIe9_4skim13fuzzy_matcher6clangdNtB7_13ClangdMatcherNtB9_12FuzzyMatcher13fuzzy_indices0Bb_
FN:157,_RNCNvXs0_NtNtCs2dRlemTKIe9_4skim13fuzzy_matcher6clangdNtB7_13ClangdMatcherNtB9_12FuzzyMatcher13fuzzy_indicess0_0Bb_
FN:158,_RNCNvXs0_NtNtCs2dRlemTKIe9_4skim13fuzzy_matcher6clangdNtB7_13ClangdMatcherNtB9_12FuzzyMatcher13fuzzy_indicess1_0Bb_
FN:107,_RNCNvXs0_NtNtCs2dRlemTKIe9_4skim13fuzzy_matcher6clangdNtB7_13ClangdMatcherNtB9_12FuzzyMatcher13fuzzy_indicess_0Bb_
FN:66,_RNvMs_NtNtCs2dRlemTKIe9_4skim13fuzzy_matcher6clangdNtB4_13ClangdMatcher10smart_case
FN:60,_RNvMs_NtNtCs2dRlemTKIe9_4skim13fuzzy_matcher6clangdNtB4_13ClangdMatcher11ignore_case
FN:72,_RNvMs_NtNtCs2dRlemTKIe9_4skim13fuzzy_matcher6clangdNtB4_13ClangdMatcher12respect_case
FN:83,_RNvMs_NtNtCs2dRlemTKIe9_4skim13fuzzy_matcher6clangdNtB4_13ClangdMatcher14contains_upper
FN:93,_RNvMs_NtNtCs2dRlemTKIe9_4skim13fuzzy_matcher6clangdNtB4_13ClangdMatcher17is_case_sensitive
FN:367,_RNvNtNtCs2dRlemTKIe9_4skim13fuzzy_matcher6clangd11allow_match
FN:213,_RNvNtNtCs2dRlemTKIe9_4skim13fuzzy_matcher6clangd11build_graph
FN:207,_RNvNtNtCs2dRlemTKIe9_4skim13fuzzy_matcher6clangd11fuzzy_match
FN:371,_RNvNtNtCs2dRlemTKIe9_4skim13fuzzy_matcher6clangd11match_bonus
FN:320,_RNvNtNtCs2dRlemTKIe9_4skim13fuzzy_matcher6clangd12adjust_score
FN:352,_RNvNtNtCs2dRlemTKIe9_4skim13fuzzy_matcher6clangd12skip_penalty
FN:202,_RNvNtNtCs2dRlemTKIe9_4skim13fuzzy_matcher6clangd13fuzzy_indices
FN:48,_RNvXNtNtCs2dRlemTKIe9_4skim13fuzzy_matcher6clangdNtB2_13ClangdMatcherNtNtCs3IJltBbNwOJ_4core7default7Default7default
FN:165,_RNvXs0_NtNtCs2dRlemTKIe9_4skim13fuzzy_matcher6clangdNtB5_13ClangdMatcherNtB7_12FuzzyMatcher11fuzzy_match
FN:103,_RNvXs0_NtNtCs2dRlemTKIe9_4skim13fuzzy_matcher6clangdNtB5_13ClangdMatcherNtB7_12FuzzyMatcher13fuzzy_indices
FN:342,_RNvXs1_NtNtCs2dRlemTKIe9_4skim13fuzzy_matcher6clangdNtB5_5ScoreNtNtCs3IJltBbNwOJ_4core7default7Default7default
FN:78,_RNvMs_NtNtCs2dRlemTKIe9_4skim13fuzzy_matcher6clangdNtB4_13ClangdMatcher9use_cache
FN:479,_RNvNtNtCs2dRlemTKIe9_4skim13fuzzy_matcher6clangd8print_dp
FNDA:0,_RNCNvXs0_NtNtCs3Snzs7u97BX_4skim13fuzzy_matcher6clangdNtB7_13ClangdMatcherNtB9_12FuzzyMatcher11fuzzy_match0Bb_
FNDA:0,_RNCNvXs0_NtNtCs3Snzs7u97BX_4skim13fuzzy_matcher6clangdNtB7_13ClangdMatcherNtB9_12FuzzyMatcher11fuzzy_matchs0_0Bb_
FNDA:0,_RNCNvXs0_NtNtCs3Snzs7u97BX_4skim13fuzzy_matcher6clangdNtB7_13ClangdMatcherNtB9_12FuzzyMatcher11fuzzy_matchs1_0Bb_
FNDA:0,_RNCNvXs0_NtNtCs3Snzs7u97BX_4skim13fuzzy_matcher6clangdNtB7_13ClangdMatcherNtB9_12FuzzyMatcher11fuzzy_matchs_0Bb_
FNDA:0,_RNCNvXs0_NtNtCs3Snzs7u97BX_4skim13fuzzy_matcher6clangdNtB7_13ClangdMatcherNtB9_12FuzzyMatcher13fuzzy_indices0Bb_
FNDA:0,_RNCNvXs0_NtNtCs3Snzs7u97BX_4skim13fuzzy_matcher6clangdNtB7_13ClangdMatcherNtB9_12FuzzyMatcher13fuzzy_indicess0_0Bb_
FNDA:0,_RNCNvXs0_NtNtCs3Snzs7u97BX_4skim13fuzzy_matcher6clangdNtB7_13ClangdMatcherNtB9_12FuzzyMatcher13fuzzy_indicess1_0Bb_
FNDA:0,_RNCNvXs0_NtNtCs3Snzs7u97BX_4skim13fuzzy_matcher6clangdNtB7_13ClangdMatcherNtB9_12FuzzyMatcher13fuzzy_indicess_0Bb_
FNDA:0,_RNvMs_NtNtCs3Snzs7u97BX_4skim13fuzzy_matcher6clangdNtB4_13ClangdMatcher10smart_case
FNDA:0,_RNvMs_NtNtCs3Snzs7u97BX_4skim13fuzzy_matcher6clangdNtB4_13ClangdMatcher11ignore_case
FNDA:0,_RNvMs_NtNtCs3Snzs7u97BX_4skim13fuzzy_matcher6clangdNtB4_13ClangdMatcher12respect_case
FNDA:0,_RNvMs_NtNtCs3Snzs7u97BX_4skim13fuzzy_matcher6clangdNtB4_13ClangdMatcher14contains_upper
FNDA:0,_RNvMs_NtNtCs3Snzs7u97BX_4skim13fuzzy_matcher6clangdNtB4_13ClangdMatcher17is_case_sensitive
FNDA:0,_RNvNtNtCs3Snzs7u97BX_4skim13fuzzy_matcher6clangd11allow_match
FNDA:0,_RNvNtNtCs3Snzs7u97BX_4skim13fuzzy_matcher6clangd11build_graph
FNDA:0,_RNvNtNtCs3Snzs7u97BX_4skim13fuzzy_matcher6clangd11fuzzy_match
FNDA:0,_RNvNtNtCs3Snzs7u97BX_4skim13fuzzy_matcher6clangd11match_bonus
FNDA:0,_RNvNtNtCs3Snzs7u97BX_4skim13fuzzy_matcher6clangd12adjust_score
FNDA:0,_RNvNtNtCs3Snzs7u97BX_4skim13fuzzy_matcher6clangd12skip_penalty
FNDA:0,_RNvNtNtCs3Snzs7u97BX_4skim13fuzzy_matcher6clangd13fuzzy_indices
FNDA:0,_RNvXNtNtCs3Snzs7u97BX_4skim13fuzzy_matcher6clangdNtB2_13ClangdMatcherNtNtCs3IJltBbNwOJ_4core7default7Default7default
FNDA:0,_RNvXs0_NtNtCs3Snzs7u97BX_4skim13fuzzy_matcher6clangdNtB5_13ClangdMatcherNtB7_12FuzzyMatcher11fuzzy_match
FNDA:0,_RNvXs0_NtNtCs3Snzs7u97BX_4skim13fuzzy_matcher6clangdNtB5_13ClangdMatcherNtB7_12FuzzyMatcher13fuzzy_indices
FNDA:0,_RNvXs1_NtNtCs3Snzs7u97BX_4skim13fuzzy_matcher6clangdNtB5_5ScoreNtNtCs3IJltBbNwOJ_4core7default7Default7default
FNDA:0,_RNvMs_NtNtCs3Snzs7u97BX_4skim13fuzzy_matcher6clangdNtB4_13ClangdMatcher9use_cache
FNDA:0,_RNvNtNtCs3Snzs7u97BX_4skim13fuzzy_matcher6clangd8print_dp
FNDA:0,_RNCNvXs0_NtNtCs2dRlemTKIe9_4skim13fuzzy_matcher6clangdNtB7_13ClangdMatcherNtB9_12FuzzyMatcher11fuzzy_match0Bb_
FNDA:0,_RNCNvXs0_NtNtCs2dRlemTKIe9_4skim13fuzzy_matcher6clangdNtB7_13ClangdMatcherNtB9_12FuzzyMatcher11fuzzy_matchs0_0Bb_
FNDA:0,_RNCNvXs0_NtNtCs2dRlemTKIe9_4skim13fuzzy_matcher6clangdNtB7_13ClangdMatcherNtB9_12FuzzyMatcher11fuzzy_matchs1_0Bb_
FNDA:0,_RNCNvXs0_NtNtCs2dRlemTKIe9_4skim13fuzzy_matcher6clangdNtB7_13ClangdMatcherNtB9_12FuzzyMatcher11fuzzy_matchs_0Bb_
FNDA:0,_RNCNvXs0_NtNtCs2dRlemTKIe9_4skim13fuzzy_matcher6clangdNtB7_13ClangdMatcherNtB9_12FuzzyMatcher13fuzzy_indices0Bb_
FNDA:0,_RNCNvXs0_NtNtCs2dRlemTKIe9_4skim13fuzzy_matcher6clangdNtB7_13ClangdMatcherNtB9_12FuzzyMatcher13fuzzy_indicess0_0Bb_
FNDA:0,_RNCNvXs0_NtNtCs2dRlemTKIe9_4skim13fuzzy_matcher6clangdNtB7_13ClangdMatcherNtB9_12FuzzyMatcher13fuzzy_indicess1_0Bb_
FNDA:0,_RNCNvXs0_NtNtCs2dRlemTKIe9_4skim13fuzzy_matcher6clangdNtB7_13ClangdMatcherNtB9_12FuzzyMatcher13fuzzy_indicess_0Bb_
FNDA:0,_RNvMs_NtNtCs2dRlemTKIe9_4skim13fuzzy_matcher6clangdNtB4_13ClangdMatcher10smart_case
FNDA:0,_RNvMs_NtNtCs2dRlemTKIe9_4skim13fuzzy_matcher6clangdNtB4_13ClangdMatcher11ignore_case
FNDA:0,_RNvMs_NtNtCs2dRlemTKIe9_4skim13fuzzy_matcher6clangdNtB4_13ClangdMatcher12respect_case
FNDA:0,_RNvMs_NtNtCs2dRlemTKIe9_4skim13fuzzy_matcher6clangdNtB4_13ClangdMatcher14contains_upper
FNDA:0,_RNvMs_NtNtCs2dRlemTKIe9_4skim13fuzzy_matcher6clangdNtB4_13ClangdMatcher17is_case_sensitive
FNDA:0,_RNvNtNtCs2dRlemTKIe9_4skim13fuzzy_matcher6clangd11allow_match
FNDA:0,_RNvNtNtCs2dRlemTKIe9_4skim13fuzzy_matcher6clangd11build_graph
FNDA:0,_RNvNtNtCs2dRlemTKIe9_4skim13fuzzy_matcher6clangd11fuzzy_match
FNDA:0,_RNvNtNtCs2dRlemTKIe9_4skim13fuzzy_matcher6clangd11match_bonus
FNDA:0,_RNvNtNtCs2dRlemTKIe9_4skim13fuzzy_matcher6clangd12adjust_score
FNDA:0,_RNvNtNtCs2dRlemTKIe9_4skim13fuzzy_matcher6clangd12skip_penalty
FNDA:0,_RNvNtNtCs2dRlemTKIe9_4skim13fuzzy_matcher6clangd13fuzzy_indices
FNDA:0,_RNvXNtNtCs2dRlemTKIe9_4skim13fuzzy_matcher6clangdNtB2_13ClangdMatcherNtNtCs3IJltBbNwOJ_4core7default7Default7default
FNDA:0,_RNvXs0_NtNtCs2dRlemTKIe9_4skim13fuzzy_matcher6clangdNtB5_13ClangdMatcherNtB7_12FuzzyMatcher11fuzzy_match
FNDA:0,_RNvXs0_NtNtCs2dRlemTKIe9_4skim13fuzzy_matcher6clangdNtB5_13ClangdMatcherNtB7_12FuzzyMatcher13fuzzy_indices
FNDA:0,_RNvXs1_NtNtCs2dRlemTKIe9_4skim13fuzzy_matcher6clangdNtB5_5ScoreNtNtCs3IJltBbNwOJ_4core7default7Default7default
FNDA:0,_RNvMs_NtNtCs2dRlemTKIe9_4skim13fuzzy_matcher6clangdNtB4_13ClangdMatcher9use_cache
FNDA:0,_RNvNtNtCs2dRlemTKIe9_4skim13fuzzy_matcher6clangd8print_dp
FNF:26
FNH:0
DA:48,0
DA:49,0
DA:50,0
DA:51,0
DA:52,0
DA:53,0
DA:54,0
DA:55,0
DA:60,0
DA:61,0
DA:62,0
DA:63,0
DA:66,0
DA:67,0
DA:68,0
DA:69,0
DA:72,0
DA:73,0
DA:74,0
DA:75,0
DA:78,0
DA:79,0
DA:80,0
DA:81,0
DA:83,0
DA:84,0
DA:85,0
DA:86,0
DA:87,0
DA:90,0
DA:91,0
DA:93,0
DA:94,0
DA:95,0
DA:96,0
DA:97,0
DA:99,0
DA:103,0
DA:104,0
DA:106,0
DA:107,0
DA:109,0
DA:110,0
DA:111,0
DA:112,0
DA:114,0
DA:115,0
DA:116,0
DA:117,0
DA:119,0
DA:121,0
DA:122,0
DA:124,0
DA:127,0
DA:128,0
DA:130,0
DA:131,0
DA:133,0
DA:136,0
DA:137,0
DA:139,0
DA:140,0
DA:141,0
DA:142,0
DA:144,0
DA:145,0
DA:146,0
DA:147,0
DA:148,0
DA:149,0
DA:150,0
DA:151,0
DA:152,0
DA:155,0
DA:157,0
DA:158,0
DA:159,0
DA:161,0
DA:162,0
DA:163,0
DA:165,0
DA:166,0
DA:168,0
DA:169,0
DA:171,0
DA:172,0
DA:173,0
DA:174,0
DA:176,0
DA:177,0
DA:178,0
DA:179,0
DA:181,0
DA:183,0
DA:184,0
DA:186,0
DA:188,0
DA:189,0
DA:191,0
DA:193,0
DA:194,0
DA:195,0
DA:197,0
DA:198,0
DA:202,0
DA:203,0
DA:204,0
DA:207,0
DA:208,0
DA:209,0
DA:213,0
DA:214,0
DA:215,0
DA:216,0
DA:218,0
DA:220,0
DA:221,0
DA:222,0
DA:224,0
DA:227,0
DA:228,0
DA:229,0
DA:230,0
DA:231,0
DA:232,0
DA:233,0
DA:234,0
DA:237,0
DA:238,0
DA:239,0
DA:240,0
DA:242,0
DA:243,0
DA:244,0
DA:245,0
DA:246,0
DA:247,0
DA:251,0
DA:252,0
DA:253,0
DA:254,0
DA:255,0
DA:256,0
DA:257,0
DA:259,0
DA:260,0
DA:262,0
DA:267,0
DA:268,0
DA:269,0
DA:270,0
DA:271,0
DA:272,0
DA:273,0
DA:274,0
DA:275,0
DA:276,0
DA:277,0
DA:278,0
DA:280,0
DA:283,0
DA:284,0
DA:285,0
DA:286,0
DA:287,0
DA:288,0
DA:289,0
DA:290,0
DA:291,0
DA:292,0
DA:293,0
DA:295,0
DA:298,0
DA:299,0
DA:301,0
DA:304,0
DA:305,0
DA:306,0
DA:307,0
DA:308,0
DA:309,0
DA:311,0
DA:314,0
DA:317,0
DA:318,0
DA:320,0
DA:322,0
DA:323,0
DA:342,0
DA:343,0
DA:344,0
DA:345,0
DA:346,0
DA:347,0
DA:348,0
DA:349,0
DA:352,0
DA:353,0
DA:354,0
DA:355,0
DA:356,0
DA:357,0
DA:359,0
DA:360,0
DA:361,0
DA:362,0
DA:364,0
DA:365,0
DA:367,0
DA:368,0
DA:369,0
DA:371,0
DA:372,0
DA:373,0
DA:374,0
DA:375,0
DA:376,0
DA:377,0
DA:378,0
DA:379,0
DA:380,0
DA:381,0
DA:382,0
DA:385,0
DA:386,0
DA:387,0
DA:390,0
DA:391,0
DA:392,0
DA:395,0
DA:396,0
DA:397,0
DA:400,0
DA:401,0
DA:402,0
DA:405,0
DA:406,0
DA:407,0
DA:410,0
DA:411,0
DA:412,0
DA:415,0
DA:416,0
DA:417,0
DA:419,0
DA:420,0
DA:479,0
DA:480,0
DA:481,0
DA:483,0
DA:484,0
DA:485,0
DA:486,0
DA:488,0
DA:489,0
DA:490,0
DA:491,0
DA:494,0
DA:495,0
DA:497,0
DA:500,0
DA:501,0
DA:503,0
DA:508,0
BRF:0
BRH:0
LF:272
LH:0
end_of_record
SF:/home/loric/src/skim/src/fuzzy_matcher/frizbee.rs
FN:12,_RNvNtNtCs3Snzs7u97BX_4skim13fuzzy_matcher7frizbee8adaptive
FN:22,_RNvXNtNtCs3Snzs7u97BX_4skim13fuzzy_matcher7frizbeeNtB2_14FrizbeeMatcherNtB4_12FuzzyMatcher13fuzzy_indices
FN:12,_RNvNtNtCs2dRlemTKIe9_4skim13fuzzy_matcher7frizbee8adaptive
FN:22,_RNvXNtNtCs2dRlemTKIe9_4skim13fuzzy_matcher7frizbeeNtB2_14FrizbeeMatcherNtB4_12FuzzyMatcher13fuzzy_indices
FNDA:0,_RNvNtNtCs3Snzs7u97BX_4skim13fuzzy_matcher7frizbee8adaptive
FNDA:0,_RNvXNtNtCs3Snzs7u97BX_4skim13fuzzy_matcher7frizbeeNtB2_14FrizbeeMatcherNtB4_12FuzzyMatcher13fuzzy_indices
FNDA:0,_RNvNtNtCs2dRlemTKIe9_4skim13fuzzy_matcher7frizbee8adaptive
FNDA:0,_RNvXNtNtCs2dRlemTKIe9_4skim13fuzzy_matcher7frizbeeNtB2_14FrizbeeMatcherNtB4_12FuzzyMatcher13fuzzy_indices
FNF:2
FNH:0
DA:12,0
DA:13,0
DA:14,0
DA:15,0
DA:16,0
DA:17,0
DA:18,0
DA:19,0
DA:22,0
DA:23,0
DA:25,0
DA:26,0
DA:27,0
DA:28,0
DA:29,0
DA:30,0
DA:31,0
DA:35,0
DA:36,0
BRF:0
BRH:0
LF:19
LH:0
end_of_record
SF:/home/loric/src/skim/src/fuzzy_matcher/mod.rs
FN:23,_RNvYNtNtNtCs3Snzs7u97BX_4skim13fuzzy_matcher7frizbee14FrizbeeMatcherNtB6_12FuzzyMatcher11fuzzy_matchB8_
FN:23,_RNvYNtNtNtCs2dRlemTKIe9_4skim13fuzzy_matcher7frizbee14FrizbeeMatcherNtB6_12FuzzyMatcher11fuzzy_matchB8_
FNDA:0,_RNvYNtNtNtCs3Snzs7u97BX_4skim13fuzzy_matcher7frizbee14FrizbeeMatcherNtB6_12FuzzyMatcher11fuzzy_matchB8_
FNDA:0,_RNvYNtNtNtCs2dRlemTKIe9_4skim13fuzzy_matcher7frizbee14FrizbeeMatcherNtB6_12FuzzyMatcher11fuzzy_matchB8_
FNF:1
FNH:0
DA:23,0
DA:24,0
DA:25,0
BRF:0
BRH:0
LF:3
LH:0
end_of_record
SF:/home/loric/src/skim/src/fuzzy_matcher/skim.rs
FN:816,_RNCNvMsa_NtNtCs3Snzs7u97BX_4skim13fuzzy_matcher4skimNtB7_13SkimMatcherV214contains_upper0Bb_
FN:834,_RNCNvMsa_NtNtCs3Snzs7u97BX_4skim13fuzzy_matcher4skimNtB7_13SkimMatcherV25fuzzy0Bb_
FN:836,_RNCNvMsa_NtNtCs3Snzs7u97BX_4skim13fuzzy_matcher4skimNtB7_13SkimMatcherV25fuzzys0_0Bb_
FN:877,_RNCNvMsa_NtNtCs3Snzs7u97BX_4skim13fuzzy_matcher4skimNtB7_13SkimMatcherV25fuzzys2_0Bb_
FN:918,_RNCNvMsa_NtNtCs3Snzs7u97BX_4skim13fuzzy_matcher4skimNtB7_13SkimMatcherV25fuzzys3_0Bb_
FN:919,_RNCNvMsa_NtNtCs3Snzs7u97BX_4skim13fuzzy_matcher4skimNtB7_13SkimMatcherV25fuzzys4_0Bb_
FN:920,_RNCNvMsa_NtNtCs3Snzs7u97BX_4skim13fuzzy_matcher4skimNtB7_13SkimMatcherV25fuzzys5_0Bb_
FN:835,_RNCNvMsa_NtNtCs3Snzs7u97BX_4skim13fuzzy_matcher4skimNtB7_13SkimMatcherV25fuzzys_0Bb_
FN:189,_RNCNvNtNtCs3Snzs7u97BX_4skim13fuzzy_matcher4skim11build_graph0B7_
FN:191,_RNCNvNtNtCs3Snzs7u97BX_4skim13fuzzy_matcher4skim11build_graphs0_0B7_
FN:190,_RNCNvNtNtCs3Snzs7u97BX_4skim13fuzzy_matcher4skim11build_graphs_0B7_
FN:368,_RNvMs2_NtNtCs3Snzs7u97BX_4skim13fuzzy_matcher4skimNtB5_10MatrixCell5reset
FN:387,_RNvMs3_NtNtCs3Snzs7u97BX_4skim13fuzzy_matcher4skimNtB5_11ScoreMatrix3new
FN:397,_RNvMs3_NtNtCs3Snzs7u97BX_4skim13fuzzy_matcher4skimNtB5_11ScoreMatrix7get_row
FN:393,_RNvMs3_NtNtCs3Snzs7u97BX_4skim13fuzzy_matcher4skimNtB5_11ScoreMatrix9get_index
FN:484,_RNvMs7_NtNtCs3Snzs7u97BX_4skim13fuzzy_matcher4skimNtB5_8CharType2of
FN:523,_RNvMs8_NtNtCs3Snzs7u97BX_4skim13fuzzy_matcher4skimNtB5_8CharRole2of
FN:526,_RNvMs8_NtNtCs3Snzs7u97BX_4skim13fuzzy_matcher4skimNtB5_8CharRole7of_type
FN:643,_RNvMsa_NtNtCs3Snzs7u97BX_4skim13fuzzy_matcher4skimNtB5_13SkimMatcherV210smart_case
FN:637,_RNvMsa_NtNtCs3Snzs7u97BX_4skim13fuzzy_matcher4skimNtB5_13SkimMatcherV211ignore_case
FN:649,_RNvMsa_NtNtCs3Snzs7u97BX_4skim13fuzzy_matcher4skimNtB5_13SkimMatcherV212respect_case
FN:927,_RNvMsa_NtNtCs3Snzs7u97BX_4skim13fuzzy_matcher4skimNtB5_13SkimMatcherV212simple_match
FN:631,_RNvMsa_NtNtCs3Snzs7u97BX_4skim13fuzzy_matcher4skimNtB5_13SkimMatcherV213element_limit
FN:783,_RNvMsa_NtNtCs3Snzs7u97BX_4skim13fuzzy_matcher4skimNtB5_13SkimMatcherV214adjust_row_idx
FN:815,_RNvMsa_NtNtCs3Snzs7u97BX_4skim13fuzzy_matcher4skimNtB5_13SkimMatcherV214contains_upper
FN:806,_RNvMsa_NtNtCs3Snzs7u97BX_4skim13fuzzy_matcher4skimNtB5_13SkimMatcherV214in_place_bonus
FN:667,_RNvMsa_NtNtCs3Snzs7u97BX_4skim13fuzzy_matcher4skimNtB5_13SkimMatcherV218build_score_matrix
FN:767,_RNvMsa_NtNtCs3Snzs7u97BX_4skim13fuzzy_matcher4skimNtB5_13SkimMatcherV220build_in_place_bonus
FN:789,_RNvMsa_NtNtCs3Snzs7u97BX_4skim13fuzzy_matcher4skimNtB5_13SkimMatcherV221calculate_match_score
FN:965,_RNvMsa_NtNtCs3Snzs7u97BX_4skim13fuzzy_matcher4skimNtB5_13SkimMatcherV224calculate_score_with_pos
FN:820,_RNvMsa_NtNtCs3Snzs7u97BX_4skim13fuzzy_matcher4skimNtB5_13SkimMatcherV25fuzzy
FN:127,_RNvNtNtCs3Snzs7u97BX_4skim13fuzzy_matcher4skim11build_graph
FN:63,_RNvNtNtCs3Snzs7u97BX_4skim13fuzzy_matcher4skim11fuzzy_match
FN:226,_RNvNtNtCs3Snzs7u97BX_4skim13fuzzy_matcher4skim11fuzzy_score
FN:81,_RNvNtNtCs3Snzs7u97BX_4skim13fuzzy_matcher4skim13fuzzy_indices
FN:56,_RNvXNtNtCs3Snzs7u97BX_4skim13fuzzy_matcher4skimNtB2_11SkimMatcherNtB4_12FuzzyMatcher11fuzzy_match
FN:52,_RNvXNtNtCs3Snzs7u97BX_4skim13fuzzy_matcher4skimNtB2_11SkimMatcherNtB4_12FuzzyMatcher13fuzzy_indices
FN:311,_RNvXs0_NtNtCs3Snzs7u97BX_4skim13fuzzy_matcher4skimNtB5_15SkimScoreConfigNtNtCs3IJltBbNwOJ_4core7default7Default7default
FN:355,_RNvXs1_NtNtCs3Snzs7u97BX_4skim13fuzzy_matcher4skimNtB5_10MatrixCellNtNtCs3IJltBbNwOJ_4core7default7Default7default
FN:406,_RNvXs4_NtNtCs3Snzs7u97BX_4skim13fuzzy_matcher4skimNtB5_11ScoreMatrixINtNtNtCs3IJltBbNwOJ_4core3ops5index5IndexTjjEE5index
FN:412,_RNvXs5_NtNtCs3Snzs7u97BX_4skim13fuzzy_matcher4skimNtB5_11ScoreMatrixINtNtNtCs3IJltBbNwOJ_4core3ops5index8IndexMutTjjEE9index_mut
FN:418,_RNvXs6_NtNtCs3Snzs7u97BX_4skim13fuzzy_matcher4skimNtB5_11ScoreMatrixNtNtCs3IJltBbNwOJ_4core3fmt5Debug3fmt
FN:608,_RNvXs9_NtNtCs3Snzs7u97BX_4skim13fuzzy_matcher4skimNtB5_13SkimMatcherV2NtNtCs3IJltBbNwOJ_4core7default7Default7default
FN:116,_RNvXs_NtNtCs3Snzs7u97BX_4skim13fuzzy_matcher4skimNtB4_14MatchingStatusNtNtCs3IJltBbNwOJ_4core7default7Default7default
FN:1040,_RNvXsb_NtNtCs3Snzs7u97BX_4skim13fuzzy_matcher4skimNtB5_13SkimMatcherV2NtB7_12FuzzyMatcher11fuzzy_match
FN:1036,_RNvXsb_NtNtCs3Snzs7u97BX_4skim13fuzzy_matcher4skimNtB5_13SkimMatcherV2NtB7_12FuzzyMatcher13fuzzy_indices
FN:625,_RNvMsa_NtNtCs3Snzs7u97BX_4skim13fuzzy_matcher4skimNtB5_13SkimMatcherV212score_config
FN:661,_RNvMsa_NtNtCs3Snzs7u97BX_4skim13fuzzy_matcher4skimNtB5_13SkimMatcherV25debug
FN:655,_RNvMsa_NtNtCs3Snzs7u97BX_4skim13fuzzy_matcher4skimNtB5_13SkimMatcherV29use_cache
FN:816,_RNCNvMsa_NtNtCs2dRlemTKIe9_4skim13fuzzy_matcher4skimNtB7_13SkimMatcherV214contains_upper0Bb_
FN:834,_RNCNvMsa_NtNtCs2dRlemTKIe9_4skim13fuzzy_matcher4skimNtB7_13SkimMatcherV25fuzzy0Bb_
FN:836,_RNCNvMsa_NtNtCs2dRlemTKIe9_4skim13fuzzy_matcher4skimNtB7_13SkimMatcherV25fuzzys0_0Bb_
FN:877,_RNCNvMsa_NtNtCs2dRlemTKIe9_4skim13fuzzy_matcher4skimNtB7_13SkimMatcherV25fuzzys2_0Bb_
FN:918,_RNCNvMsa_NtNtCs2dRlemTKIe9_4skim13fuzzy_matcher4skimNtB7_13SkimMatcherV25fuzzys3_0Bb_
FN:919,_RNCNvMsa_NtNtCs2dRlemTKIe9_4skim13fuzzy_matcher4skimNtB7_13SkimMatcherV25fuzzys4_0Bb_
FN:920,_RNCNvMsa_NtNtCs2dRlemTKIe9_4skim13fuzzy_matcher4skimNtB7_13SkimMatcherV25fuzzys5_0Bb_
FN:835,_RNCNvMsa_NtNtCs2dRlemTKIe9_4skim13fuzzy_matcher4skimNtB7_13SkimMatcherV25fuzzys_0Bb_
FN:189,_RNCNvNtNtCs2dRlemTKIe9_4skim13fuzzy_matcher4skim11build_graph0B7_
FN:191,_RNCNvNtNtCs2dRlemTKIe9_4skim13fuzzy_matcher4skim11build_graphs0_0B7_
FN:190,_RNCNvNtNtCs2dRlemTKIe9_4skim13fuzzy_matcher4skim11build_graphs_0B7_
FN:368,_RNvMs2_NtNtCs2dRlemTKIe9_4skim13fuzzy_matcher4skimNtB5_10MatrixCell5reset
FN:387,_RNvMs3_NtNtCs2dRlemTKIe9_4skim13fuzzy_matcher4skimNtB5_11ScoreMatrix3new
FN:397,_RNvMs3_NtNtCs2dRlemTKIe9_4skim13fuzzy_matcher4skimNtB5_11ScoreMatrix7get_row
FN:393,_RNvMs3_NtNtCs2dRlemTKIe9_4skim13fuzzy_matcher4skimNtB5_11ScoreMatrix9get_index
FN:484,_RNvMs7_NtNtCs2dRlemTKIe9_4skim13fuzzy_matcher4skimNtB5_8CharType2of
FN:523,_RNvMs8_NtNtCs2dRlemTKIe9_4skim13fuzzy_matcher4skimNtB5_8CharRole2of
FN:526,_RNvMs8_NtNtCs2dRlemTKIe9_4skim13fuzzy_matcher4skimNtB5_8CharRole7of_type
FN:643,_RNvMsa_NtNtCs2dRlemTKIe9_4skim13fuzzy_matcher4skimNtB5_13SkimMatcherV210smart_case
FN:637,_RNvMsa_NtNtCs2dRlemTKIe9_4skim13fuzzy_matcher4skimNtB5_13SkimMatcherV211ignore_case
FN:649,_RNvMsa_NtNtCs2dRlemTKIe9_4skim13fuzzy_matcher4skimNtB5_13SkimMatcherV212respect_case
FN:927,_RNvMsa_NtNtCs2dRlemTKIe9_4skim13fuzzy_matcher4skimNtB5_13SkimMatcherV212simple_match
FN:631,_RNvMsa_NtNtCs2dRlemTKIe9_4skim13fuzzy_matcher4skimNtB5_13SkimMatcherV213element_limit
FN:783,_RNvMsa_NtNtCs2dRlemTKIe9_4skim13fuzzy_matcher4skimNtB5_13SkimMatcherV214adjust_row_idx
FN:815,_RNvMsa_NtNtCs2dRlemTKIe9_4skim13fuzzy_matcher4skimNtB5_13SkimMatcherV214contains_upper
FN:806,_RNvMsa_NtNtCs2dRlemTKIe9_4skim13fuzzy_matcher4skimNtB5_13SkimMatcherV214in_place_bonus
FN:667,_RNvMsa_NtNtCs2dRlemTKIe9_4skim13fuzzy_matcher4skimNtB5_13SkimMatcherV218build_score_matrix
FN:767,_RNvMsa_NtNtCs2dRlemTKIe9_4skim13fuzzy_matcher4skimNtB5_13SkimMatcherV220build_in_place_bonus
FN:789,_RNvMsa_NtNtCs2dRlemTKIe9_4skim13fuzzy_matcher4skimNtB5_13SkimMatcherV221calculate_match_score
FN:965,_RNvMsa_NtNtCs2dRlemTKIe9_4skim13fuzzy_matcher4skimNtB5_13SkimMatcherV224calculate_score_with_pos
FN:661,_RNvMsa_NtNtCs2dRlemTKIe9_4skim13fuzzy_matcher4skimNtB5_13SkimMatcherV25debug
FN:820,_RNvMsa_NtNtCs2dRlemTKIe9_4skim13fuzzy_matcher4skimNtB5_13SkimMatcherV25fuzzy
FN:127,_RNvNtNtCs2dRlemTKIe9_4skim13fuzzy_matcher4skim11build_graph
FN:63,_RNvNtNtCs2dRlemTKIe9_4skim13fuzzy_matcher4skim11fuzzy_match
FN:226,_RNvNtNtCs2dRlemTKIe9_4skim13fuzzy_matcher4skim11fuzzy_score
FN:81,_RNvNtNtCs2dRlemTKIe9_4skim13fuzzy_matcher4skim13fuzzy_indices
FN:56,_RNvXNtNtCs2dRlemTKIe9_4skim13fuzzy_matcher4skimNtB2_11SkimMatcherNtB4_12FuzzyMatcher11fuzzy_match
FN:52,_RNvXNtNtCs2dRlemTKIe9_4skim13fuzzy_matcher4skimNtB2_11SkimMatcherNtB4_12FuzzyMatcher13fuzzy_indices
FN:311,_RNvXs0_NtNtCs2dRlemTKIe9_4skim13fuzzy_matcher4skimNtB5_15SkimScoreConfigNtNtCs3IJltBbNwOJ_4core7default7Default7default
FN:355,_RNvXs1_NtNtCs2dRlemTKIe9_4skim13fuzzy_matcher4skimNtB5_10MatrixCellNtNtCs3IJltBbNwOJ_4core7default7Default7default
FN:406,_RNvXs4_NtNtCs2dRlemTKIe9_4skim13fuzzy_matcher4skimNtB5_11ScoreMatrixINtNtNtCs3IJltBbNwOJ_4core3ops5index5IndexTjjEE5index
FN:412,_RNvXs5_NtNtCs2dRlemTKIe9_4skim13fuzzy_matcher4skimNtB5_11ScoreMatrixINtNtNtCs3IJltBbNwOJ_4core3ops5index8IndexMutTjjEE9index_mut
FN:418,_RNvXs6_NtNtCs2dRlemTKIe9_4skim13fuzzy_matcher4skimNtB5_11ScoreMatrixNtNtCs3IJltBbNwOJ_4core3fmt5Debug3fmt
FN:608,_RNvXs9_NtNtCs2dRlemTKIe9_4skim13fuzzy_matcher4skimNtB5_13SkimMatcherV2NtNtCs3IJltBbNwOJ_4core7default7Default7default
FN:116,_RNvXs_NtNtCs2dRlemTKIe9_4skim13fuzzy_matcher4skimNtB4_14MatchingStatusNtNtCs3IJltBbNwOJ_4core7default7Default7default
FN:1040,_RNvXsb_NtNtCs2dRlemTKIe9_4skim13fuzzy_matcher4skimNtB5_13SkimMatcherV2NtB7_12FuzzyMatcher11fuzzy_match
FN:1036,_RNvXsb_NtNtCs2dRlemTKIe9_4skim13fuzzy_matcher4skimNtB5_13SkimMatcherV2NtB7_12FuzzyMatcher13fuzzy_indices
FN:625,_RNvMsa_NtNtCs2dRlemTKIe9_4skim13fuzzy_matcher4skimNtB5_13SkimMatcherV212score_config
FN:655,_RNvMsa_NtNtCs2dRlemTKIe9_4skim13fuzzy_matcher4skimNtB5_13SkimMatcherV29use_cache
FNDA:0,_RNCNvMsa_NtNtCs3Snzs7u97BX_4skim13fuzzy_matcher4skimNtB7_13SkimMatcherV214contains_upper0Bb_
FNDA:0,_RNCNvMsa_NtNtCs3Snzs7u97BX_4skim13fuzzy_matcher4skimNtB7_13SkimMatcherV25fuzzy0Bb_
FNDA:0,_RNCNvMsa_NtNtCs3Snzs7u97BX_4skim13fuzzy_matcher4skimNtB7_13SkimMatcherV25fuzzys0_0Bb_
FNDA:0,_RNCNvMsa_NtNtCs3Snzs7u97BX_4skim13fuzzy_matcher4skimNtB7_13SkimMatcherV25fuzzys2_0Bb_
FNDA:0,_RNCNvMsa_NtNtCs3Snzs7u97BX_4skim13fuzzy_matcher4skimNtB7_13SkimMatcherV25fuzzys3_0Bb_
FNDA:0,_RNCNvMsa_NtNtCs3Snzs7u97BX_4skim13fuzzy_matcher4skimNtB7_13SkimMatcherV25fuzzys4_0Bb_
FNDA:0,_RNCNvMsa_NtNtCs3Snzs7u97BX_4skim13fuzzy_matcher4skimNtB7_13SkimMatcherV25fuzzys5_0Bb_
FNDA:0,_RNCNvMsa_NtNtCs3Snzs7u97BX_4skim13fuzzy_matcher4skimNtB7_13SkimMatcherV25fuzzys_0Bb_
FNDA:0,_RNCNvNtNtCs3Snzs7u97BX_4skim13fuzzy_matcher4skim11build_graph0B7_
FNDA:0,_RNCNvNtNtCs3Snzs7u97BX_4skim13fuzzy_matcher4skim11build_graphs0_0B7_
FNDA:0,_RNCNvNtNtCs3Snzs7u97BX_4skim13fuzzy_matcher4skim11build_graphs_0B7_
FNDA:0,_RNvMs2_NtNtCs3Snzs7u97BX_4skim13fuzzy_matcher4skimNtB5_10MatrixCell5reset
FNDA:0,_RNvMs3_NtNtCs3Snzs7u97BX_4skim13fuzzy_matcher4skimNtB5_11ScoreMatrix3new
[...]
FN:146,_RNCNvNtNtCs2dRlemTKIe9_4skim3tui4util16handle_osc_query0B7_
FN:147,_RNCNvNtNtCs2dRlemTKIe9_4skim3tui4util16handle_osc_querys_0B7_
FN:113,_RNvNtNtCs2dRlemTKIe9_4skim3tui4util12find_csi_end
FN:98,_RNvNtNtCs2dRlemTKIe9_4skim3tui4util12find_osc_end
FN:162,_RNvNtNtCs2dRlemTKIe9_4skim3tui4util16handle_csi_query
FN:124,_RNvNtNtCs2dRlemTKIe9_4skim3tui4util16handle_osc_query
FNDA:0,_RNCNvNtNtCs3Snzs7u97BX_4skim3tui4util10style_line0B7_
FNDA:0,_RNCNvNtNtCs3Snzs7u97BX_4skim3tui4util10style_text0B7_
FNDA:0,_RNCNvNtNtCs3Snzs7u97BX_4skim3tui4util16handle_osc_query0B7_
FNDA:0,_RNCNvNtNtCs3Snzs7u97BX_4skim3tui4util16handle_osc_querys_0B7_
FNDA:0,_RNvNtNtCs3Snzs7u97BX_4skim3tui4util10style_line
FNDA:0,_RNvNtNtCs3Snzs7u97BX_4skim3tui4util10style_span
FNDA:0,_RNvNtNtCs3Snzs7u97BX_4skim3tui4util10style_text
FNDA:0,_RNvNtNtCs3Snzs7u97BX_4skim3tui4util12find_csi_end
FNDA:0,_RNvNtNtCs3Snzs7u97BX_4skim3tui4util12find_osc_end
FNDA:0,_RNvNtNtCs3Snzs7u97BX_4skim3tui4util12merge_styles
FNDA:0,_RNvNtNtCs3Snzs7u97BX_4skim3tui4util16handle_csi_query
FNDA:0,_RNvNtNtCs3Snzs7u97BX_4skim3tui4util16handle_osc_query
FNDA:0,_RNvNtNtCs3Snzs7u97BX_4skim3tui4util18char_display_width
FNDA:0,_RNvNtNtCs3Snzs7u97BX_4skim3tui4util9wrap_text
FNDA:0,_RNCNvNtNtCs2dRlemTKIe9_4skim3tui4util10style_line0B7_
FNDA:0,_RNCNvNtNtCs2dRlemTKIe9_4skim3tui4util10style_text0B7_
FNDA:0,_RNvNtNtCs2dRlemTKIe9_4skim3tui4util10style_line
FNDA:0,_RNvNtNtCs2dRlemTKIe9_4skim3tui4util10style_span
FNDA:0,_RNvNtNtCs2dRlemTKIe9_4skim3tui4util10style_text
FNDA:0,_RNvNtNtCs2dRlemTKIe9_4skim3tui4util12merge_styles
FNDA:0,_RNvNtNtCs2dRlemTKIe9_4skim3tui4util18char_display_width
FNDA:0,_RNvNtNtCs2dRlemTKIe9_4skim3tui4util9wrap_text
FNDA:0,_RNCNvNtNtCs2dRlemTKIe9_4skim3tui4util16handle_osc_query0B7_
FNDA:0,_RNCNvNtNtCs2dRlemTKIe9_4skim3tui4util16handle_osc_querys_0B7_
FNDA:0,_RNvNtNtCs2dRlemTKIe9_4skim3tui4util12find_csi_end
FNDA:0,_RNvNtNtCs2dRlemTKIe9_4skim3tui4util12find_osc_end
FNDA:0,_RNvNtNtCs2dRlemTKIe9_4skim3tui4util16handle_csi_query
FNDA:0,_RNvNtNtCs2dRlemTKIe9_4skim3tui4util16handle_osc_query
FNF:14
FNH:0
DA:9,0
DA:10,0
DA:11,0
DA:12,0
DA:13,0
DA:14,0
DA:16,0
DA:17,0
DA:18,0
DA:19,0
DA:21,0
DA:23,0
DA:24,0
DA:25,0
DA:26,0
DA:27,0
DA:28,0
DA:29,0
DA:30,0
DA:32,0
DA:33,0
DA:34,0
DA:35,0
DA:36,0
DA:38,0
DA:39,0
DA:40,0
DA:41,0
DA:42,0
DA:43,0
DA:44,0
DA:47,0
DA:48,0
DA:49,0
DA:50,0
DA:53,0
DA:54,0
DA:55,0
DA:58,0
DA:59,0
DA:64,0
DA:66,0
DA:79,0
DA:80,0
DA:81,0
DA:82,0
DA:84,0
DA:85,0
DA:87,0
DA:88,0
DA:89,0
DA:90,0
DA:91,0
DA:92,0
DA:93,0
DA:94,0
DA:95,0
DA:98,0
DA:99,0
DA:100,0
DA:102,0
DA:103,0
DA:104,0
DA:106,0
DA:107,0
DA:109,0
DA:110,0
DA:113,0
DA:114,0
DA:116,0
DA:117,0
DA:118,0
DA:120,0
DA:121,0
DA:124,0
DA:126,0
DA:127,0
DA:128,0
DA:131,0
DA:132,0
DA:133,0
DA:134,0
DA:137,0
DA:138,0
DA:139,0
DA:140,0
DA:143,0
DA:146,0
DA:147,0
DA:149,0
DA:150,0
DA:151,0
DA:152,0
DA:153,0
DA:154,0
DA:155,0
DA:156,0
DA:157,0
DA:158,0
DA:162,0
DA:164,0
DA:165,0
DA:166,0
DA:167,0
DA:168,0
DA:171,0
DA:172,0
DA:173,0
DA:174,0
DA:175,0
DA:178,0
DA:179,0
DA:180,0
DA:181,0
DA:182,0
DA:185,0
DA:186,0
DA:187,0
DA:188,0
DA:189,0
DA:192,0
DA:193,0
DA:194,0
DA:195,0
DA:196,0
DA:197,0
DA:199,0
DA:200,0
BRF:0
BRH:0
LF:132
LH:0
end_of_record
SF:/home/loric/src/skim/src/tui/widget.rs
FN:19,_RNvXNtNtCs3Snzs7u97BX_4skim3tui6widgetNtB2_10SkimRenderNtNtNtCs3IJltBbNwOJ_4core3ops3bit11BitOrAssign12bitor_assign
FN:19,_RNvXNtNtCs2dRlemTKIe9_4skim3tui6widgetNtB2_10SkimRenderNtNtNtCs3IJltBbNwOJ_4core3ops3bit11BitOrAssign12bitor_assign
FNDA:0,_RNvXNtNtCs3Snzs7u97BX_4skim3tui6widgetNtB2_10SkimRenderNtNtNtCs3IJltBbNwOJ_4core3ops3bit11BitOrAssign12bitor_assign
FNDA:0,_RNvXNtNtCs2dRlemTKIe9_4skim3tui6widgetNtB2_10SkimRenderNtNtNtCs3IJltBbNwOJ_4core3ops3bit11BitOrAssign12bitor_assign
FNF:1
FNH:0
DA:19,0
DA:20,0
DA:21,0
DA:22,0
BRF:0
BRH:0
LF:4
LH:0
end_of_record
SF:/home/loric/src/skim/src/util.rs
FN:93,_RINvNtCs3Snzs7u97BX_4skim4util6printfINtNtNtNtCs3IJltBbNwOJ_4core4iter8adapters3map3MapINtNtNtCsWQAYhADTKq_8indexmap3set4iter4IterNtNtB4_4item11MatchedItemENCNvMs1_NtNtB4_3tui3appNtB2C_3App10expand_cmd0EEB4_
FN:104,_RNCINvNtCs3Snzs7u97BX_4skim4util6printfINtNtNtNtCs3IJltBbNwOJ_4core4iter8adapters3map3MapINtNtNtCsWQAYhADTKq_8indexmap3set4iter4IterNtNtB6_4item11MatchedItemENCNvMs1_NtNtB6_3tui3appNtB2E_3App10expand_cmd0EE0B6_
FN:108,_RNCINvNtCs3Snzs7u97BX_4skim4util6printfINtNtNtNtCs3IJltBbNwOJ_4core4iter8adapters3map3MapINtNtNtCsWQAYhADTKq_8indexmap3set4iter4IterNtNtB6_4item11MatchedItemENCNvMs1_NtNtB6_3tui3appNtB2E_3App10expand_cmd0EEs0_0B6_
FN:115,_RNCINvNtCs3Snzs7u97BX_4skim4util6printfINtNtNtNtCs3IJltBbNwOJ_4core4iter8adapters3map3MapINtNtNtCsWQAYhADTKq_8indexmap3set4iter4IterNtNtB6_4item11MatchedItemENCNvMs1_NtNtB6_3tui3appNtB2E_3App10expand_cmd0EEs1_0B6_
FN:116,_RNCINvNtCs3Snzs7u97BX_4skim4util6printfINtNtNtNtCs3IJltBbNwOJ_4core4iter8adapters3map3MapINtNtNtCsWQAYhADTKq_8indexmap3set4iter4IterNtNtB6_4item11MatchedItemENCNvMs1_NtNtB6_3tui3appNtB2E_3App10expand_cmd0EEs2_0B6_
FN:149,_RNCINvNtCs3Snzs7u97BX_4skim4util6printfINtNtNtNtCs3IJltBbNwOJ_4core4iter8adapters3map3MapINtNtNtCsWQAYhADTKq_8indexmap3set4iter4IterNtNtB6_4item11MatchedItemENCNvMs1_NtNtB6_3tui3appNtB2E_3App10expand_cmd0EEs3_0B6_
FN:150,_RNCINvNtCs3Snzs7u97BX_4skim4util6printfINtNtNtNtCs3IJltBbNwOJ_4core4iter8adapters3map3MapINtNtNtCsWQAYhADTKq_8indexmap3set4iter4IterNtNtB6_4item11MatchedItemENCNvMs1_NtNtB6_3tui3appNtB2E_3App10expand_cmd0EEs4_0B6_
FN:188,_RNCINvNtCs3Snzs7u97BX_4skim4util6printfINtNtNtNtCs3IJltBbNwOJ_4core4iter8adapters3map3MapINtNtNtCsWQAYhADTKq_8indexmap3set4iter4IterNtNtB6_4item11MatchedItemENCNvMs1_NtNtB6_3tui3appNtB2E_3App10expand_cmd0EEs5_0B6_
FN:106,_RNCINvNtCs3Snzs7u97BX_4skim4util6printfINtNtNtNtCs3IJltBbNwOJ_4core4iter8adapters3map3MapINtNtNtCsWQAYhADTKq_8indexmap3set4iter4IterNtNtB6_4item11MatchedItemENCNvMs1_NtNtB6_3tui3appNtB2E_3App10expand_cmd0EEs_0B6_
FN:78,_RNvNtCs3Snzs7u97BX_4skim4util15read_file_lines
FN:31,_RNvNtCs3Snzs7u97BX_4skim4util18unescape_delimiter
FN:93,_RINvNtCs2dRlemTKIe9_4skim4util6printfINtNtNtCshYl8hDvVEcY_5alloc3vec9into_iter8IntoIterINtNtBG_4sync3ArcDNtNtB4_9skim_item8SkimItemEL_EEEB4_
FN:93,_RINvNtCs2dRlemTKIe9_4skim4util6printfINtNtNtNtCs3IJltBbNwOJ_4core4iter8adapters3map3MapINtNtNtBI_5slice4iter4IterINtNtCshYl8hDvVEcY_5alloc4sync3ArcDNtNtB4_9skim_item8SkimItemEL_EENCNvNtB2_4tests_11test_printf0EEB4_
FN:93,_RINvNtCs2dRlemTKIe9_4skim4util6printfINtNtNtNtCs3IJltBbNwOJ_4core4iter8adapters3map3MapINtNtNtBI_5slice4iter4IterINtNtCshYl8hDvVEcY_5alloc4sync3ArcReEENCNvNtB2_4tests_16test_printf_plus0EEB4_
FN:104,_RNCINvNtCs2dRlemTKIe9_4skim4util6printfINtNtNtCshYl8hDvVEcY_5alloc3vec9into_iter8IntoIterINtNtBI_4sync3ArcDNtNtB6_9skim_item8SkimItemEL_EEE0B6_
FN:108,_RNCINvNtCs2dRlemTKIe9_4skim4util6printfINtNtNtCshYl8hDvVEcY_5alloc3vec9into_iter8IntoIterINtNtBI_4sync3ArcDNtNtB6_9skim_item8SkimItemEL_EEEs0_0B6_
FN:115,_RNCINvNtCs2dRlemTKIe9_4skim4util6printfINtNtNtCshYl8hDvVEcY_5alloc3vec9into_iter8IntoIterINtNtBI_4sync3ArcDNtNtB6_9skim_item8SkimItemEL_EEEs1_0B6_
FN:116,_RNCINvNtCs2dRlemTKIe9_4skim4util6printfINtNtNtCshYl8hDvVEcY_5alloc3vec9into_iter8IntoIterINtNtBI_4sync3ArcDNtNtB6_9skim_item8SkimItemEL_EEEs2_0B6_
FN:149,_RNCINvNtCs2dRlemTKIe9_4skim4util6printfINtNtNtCshYl8hDvVEcY_5alloc3vec9into_iter8IntoIterINtNtBI_4sync3ArcDNtNtB6_9skim_item8SkimItemEL_EEEs3_0B6_
FN:150,_RNCINvNtCs2dRlemTKIe9_4skim4util6printfINtNtNtCshYl8hDvVEcY_5alloc3vec9into_iter8IntoIterINtNtBI_4sync3ArcDNtNtB6_9skim_item8SkimItemEL_EEEs4_0B6_
FN:188,_RNCINvNtCs2dRlemTKIe9_4skim4util6printfINtNtNtCshYl8hDvVEcY_5alloc3vec9into_iter8IntoIterINtNtBI_4sync3ArcDNtNtB6_9skim_item8SkimItemEL_EEEs5_0B6_
FN:106,_RNCINvNtCs2dRlemTKIe9_4skim4util6printfINtNtNtCshYl8hDvVEcY_5alloc3vec9into_iter8IntoIterINtNtBI_4sync3ArcDNtNtB6_9skim_item8SkimItemEL_EEEs_0B6_
FN:104,_RNCINvNtCs2dRlemTKIe9_4skim4util6printfINtNtNtNtCs3IJltBbNwOJ_4core4iter8adapters3map3MapINtNtNtBK_5slice4iter4IterINtNtCshYl8hDvVEcY_5alloc4sync3ArcDNtNtB6_9skim_item8SkimItemEL_EENCNvNtB4_4tests_11test_printf0EE0B6_
FN:108,_RNCINvNtCs2dRlemTKIe9_4skim4util6printfINtNtNtNtCs3IJltBbNwOJ_4core4iter8adapters3map3MapINtNtNtBK_5slice4iter4IterINtNtCshYl8hDvVEcY_5alloc4sync3ArcDNtNtB6_9skim_item8SkimItemEL_EENCNvNtB4_4tests_11test_printf0EEs0_0B6_
FN:115,_RNCINvNtCs2dRlemTKIe9_4skim4util6printfINtNtNtNtCs3IJltBbNwOJ_4core4iter8adapters3map3MapINtNtNtBK_5slice4iter4IterINtNtCshYl8hDvVEcY_5alloc4sync3ArcDNtNtB6_9skim_item8SkimItemEL_EENCNvNtB4_4tests_11test_printf0EEs1_0B6_
FN:116,_RNCINvNtCs2dRlemTKIe9_4skim4util6printfINtNtNtNtCs3IJltBbNwOJ_4core4iter8adapters3map3MapINtNtNtBK_5slice4iter4IterINtNtCshYl8hDvVEcY_5alloc4sync3ArcDNtNtB6_9skim_item8SkimItemEL_EENCNvNtB4_4tests_11test_printf0EEs2_0B6_
FN:149,_RNCINvNtCs2dRlemTKIe9_4skim4util6printfINtNtNtNtCs3IJltBbNwOJ_4core4iter8adapters3map3MapINtNtNtBK_5slice4iter4IterINtNtCshYl8hDvVEcY_5alloc4sync3ArcDNtNtB6_9skim_item8SkimItemEL_EENCNvNtB4_4tests_11test_printf0EEs3_0B6_
FN:150,_RNCINvNtCs2dRlemTKIe9_4skim4util6printfINtNtNtNtCs3IJltBbNwOJ_4core4iter8adapters3map3MapINtNtNtBK_5slice4iter4IterINtNtCshYl8hDvVEcY_5alloc4sync3ArcDNtNtB6_9skim_item8SkimItemEL_EENCNvNtB4_4tests_11test_printf0EEs4_0B6_
FN:188,_RNCINvNtCs2dRlemTKIe9_4skim4util6printfINtNtNtNtCs3IJltBbNwOJ_4core4iter8adapters3map3MapINtNtNtBK_5slice4iter4IterINtNtCshYl8hDvVEcY_5alloc4sync3ArcDNtNtB6_9skim_item8SkimItemEL_EENCNvNtB4_4tests_11test_printf0EEs5_0B6_
FN:106,_RNCINvNtCs2dRlemTKIe9_4skim4util6printfINtNtNtNtCs3IJltBbNwOJ_4core4iter8adapters3map3MapINtNtNtBK_5slice4iter4IterINtNtCshYl8hDvVEcY_5alloc4sync3ArcDNtNtB6_9skim_item8SkimItemEL_EENCNvNtB4_4tests_11test_printf0EEs_0B6_
FN:104,_RNCINvNtCs2dRlemTKIe9_4skim4util6printfINtNtNtNtCs3IJltBbNwOJ_4core4iter8adapters3map3MapINtNtNtBK_5slice4iter4IterINtNtCshYl8hDvVEcY_5alloc4sync3ArcReEENCNvNtB4_4tests_16test_printf_plus0EE0B6_
FN:108,_RNCINvNtCs2dRlemTKIe9_4skim4util6printfINtNtNtNtCs3IJltBbNwOJ_4core4iter8adapters3map3MapINtNtNtBK_5slice4iter4IterINtNtCshYl8hDvVEcY_5alloc4sync3ArcReEENCNvNtB4_4tests_16test_printf_plus0EEs0_0B6_
FN:115,_RNCINvNtCs2dRlemTKIe9_4skim4util6printfINtNtNtNtCs3IJltBbNwOJ_4core4iter8adapters3map3MapINtNtNtBK_5slice4iter4IterINtNtCshYl8hDvVEcY_5alloc4sync3ArcReEENCNvNtB4_4tests_16test_printf_plus0EEs1_0B6_
FN:116,_RNCINvNtCs2dRlemTKIe9_4skim4util6printfINtNtNtNtCs3IJltBbNwOJ_4core4iter8adapters3map3MapINtNtNtBK_5slice4iter4IterINtNtCshYl8hDvVEcY_5alloc4sync3ArcReEENCNvNtB4_4tests_16test_printf_plus0EEs2_0B6_
FN:149,_RNCINvNtCs2dRlemTKIe9_4skim4util6printfINtNtNtNtCs3IJltBbNwOJ_4core4iter8adapters3map3MapINtNtNtBK_5slice4iter4IterINtNtCshYl8hDvVEcY_5alloc4sync3ArcReEENCNvNtB4_4tests_16test_printf_plus0EEs3_0B6_
FN:150,_RNCINvNtCs2dRlemTKIe9_4skim4util6printfINtNtNtNtCs3IJltBbNwOJ_4core4iter8adapters3map3MapINtNtNtBK_5slice4iter4IterINtNtCshYl8hDvVEcY_5alloc4sync3ArcReEENCNvNtB4_4tests_16test_printf_plus0EEs4_0B6_
FN:188,_RNCINvNtCs2dRlemTKIe9_4skim4util6printfINtNtNtNtCs3IJltBbNwOJ_4core4iter8adapters3map3MapINtNtNtBK_5slice4iter4IterINtNtCshYl8hDvVEcY_5alloc4sync3ArcReEENCNvNtB4_4tests_16test_printf_plus0EEs5_0B6_
FN:106,_RNCINvNtCs2dRlemTKIe9_4skim4util6printfINtNtNtNtCs3IJltBbNwOJ_4core4iter8adapters3map3MapINtNtNtBK_5slice4iter4IterINtNtCshYl8hDvVEcY_5alloc4sync3ArcReEENCNvNtB4_4tests_16test_printf_plus0EEs_0B6_
FN:78,_RNvNtCs2dRlemTKIe9_4skim4util15read_file_lines
FN:31,_RNvNtCs2dRlemTKIe9_4skim4util18unescape_delimiter
FNDA:0,_RINvNtCs3Snzs7u97BX_4skim4util6printfINtNtNtNtCs3IJltBbNwOJ_4core4iter8adapters3map3MapINtNtNtCsWQAYhADTKq_8indexmap3set4iter4IterNtNtB4_4item11MatchedItemENCNvMs1_NtNtB4_3tui3appNtB2C_3App10expand_cmd0EEB4_
FNDA:0,_RNCINvNtCs3Snzs7u97BX_4skim4util6printfINtNtNtNtCs3IJltBbNwOJ_4core4iter8adapters3map3MapINtNtNtCsWQAYhADTKq_8indexmap3set4iter4IterNtNtB6_4item11MatchedItemENCNvMs1_NtNtB6_3tui3appNtB2E_3App10expand_cmd0EE0B6_
FNDA:0,_RNCINvNtCs3Snzs7u97BX_4skim4util6printfINtNtNtNtCs3IJltBbNwOJ_4core4iter8adapters3map3MapINtNtNtCsWQAYhADTKq_8indexmap3set4iter4IterNtNtB6_4item11MatchedItemENCNvMs1_NtNtB6_3tui3appNtB2E_3App10expand_cmd0EEs0_0B6_
FNDA:0,_RNCINvNtCs3Snzs7u97BX_4skim4util6printfINtNtNtNtCs3IJltBbNwOJ_4core4iter8adapters3map3MapINtNtNtCsWQAYhADTKq_8indexmap3set4iter4IterNtNtB6_4item11MatchedItemENCNvMs1_NtNtB6_3tui3appNtB2E_3App10expand_cmd0EEs1_0B6_
FNDA:0,_RNCINvNtCs3Snzs7u97BX_4skim4util6printfINtNtNtNtCs3IJltBbNwOJ_4core4iter8adapters3map3MapINtNtNtCsWQAYhADTKq_8indexmap3set4iter4IterNtNtB6_4item11MatchedItemENCNvMs1_NtNtB6_3tui3appNtB2E_3App10expand_cmd0EEs2_0B6_
FNDA:0,_RNCINvNtCs3Snzs7u97BX_4skim4util6printfINtNtNtNtCs3IJltBbNwOJ_4core4iter8adapters3map3MapINtNtNtCsWQAYhADTKq_8indexmap3set4iter4IterNtNtB6_4item11MatchedItemENCNvMs1_NtNtB6_3tui3appNtB2E_3App10expand_cmd0EEs3_0B6_
FNDA:0,_RNCINvNtCs3Snzs7u97BX_4skim4util6printfINtNtNtNtCs3IJltBbNwOJ_4core4iter8adapters3map3MapINtNtNtCsWQAYhADTKq_8indexmap3set4iter4IterNtNtB6_4item11MatchedItemENCNvMs1_NtNtB6_3tui3appNtB2E_3App10expand_cmd0EEs4_0B6_
FNDA:0,_RNCINvNtCs3Snzs7u97BX_4skim4util6printfINtNtNtNtCs3IJltBbNwOJ_4core4iter8adapters3map3MapINtNtNtCsWQAYhADTKq_8indexmap3set4iter4IterNtNtB6_4item11MatchedItemENCNvMs1_NtNtB6_3tui3appNtB2E_3App10expand_cmd0EEs5_0B6_
FNDA:0,_RNCINvNtCs3Snzs7u97BX_4skim4util6printfINtNtNtNtCs3IJltBbNwOJ_4core4iter8adapters3map3MapINtNtNtCsWQAYhADTKq_8indexmap3set4iter4IterNtNtB6_4item11MatchedItemENCNvMs1_NtNtB6_3tui3appNtB2E_3App10expand_cmd0EEs_0B6_
FNDA:0,_RNvNtCs3Snzs7u97BX_4skim4util15read_file_lines
FNDA:0,_RNvNtCs3Snzs7u97BX_4skim4util18unescape_delimiter
FNDA:0,_RINvNtCs2dRlemTKIe9_4skim4util6printfINtNtNtCshYl8hDvVEcY_5alloc3vec9into_iter8IntoIterINtNtBG_4sync3ArcDNtNtB4_9skim_item8SkimItemEL_EEEB4_
FNDA:0,_RINvNtCs2dRlemTKIe9_4skim4util6printfINtNtNtNtCs3IJltBbNwOJ_4core4iter8adapters3map3MapINtNtNtBI_5slice4iter4IterINtNtCshYl8hDvVEcY_5alloc4sync3ArcDNtNtB4_9skim_item8SkimItemEL_EENCNvNtB2_4tests_11test_printf0EEB4_
FNDA:0,_RINvNtCs2dRlemTKIe9_4skim4util6printfINtNtNtNtCs3IJltBbNwOJ_4core4iter8adapters3map3MapINtNtNtBI_5slice4iter4IterINtNtCshYl8hDvVEcY_5alloc4sync3ArcReEENCNvNtB2_4tests_16test_printf_plus0EEB4_
FNDA:0,_RNCINvNtCs2dRlemTKIe9_4skim4util6printfINtNtNtCshYl8hDvVEcY_5alloc3vec9into_iter8IntoIterINtNtBI_4sync3ArcDNtNtB6_9skim_item8SkimItemEL_EEE0B6_
FNDA:0,_RNCINvNtCs2dRlemTKIe9_4skim4util6printfINtNtNtCshYl8hDvVEcY_5alloc3vec9into_iter8IntoIterINtNtBI_4sync3ArcDNtNtB6_9skim_item8SkimItemEL_EEEs0_0B6_
FNDA:0,_RNCINvNtCs2dRlemTKIe9_4skim4util6printfINtNtNtCshYl8hDvVEcY_5alloc3vec9into_iter8IntoIterINtNtBI_4sync3ArcDNtNtB6_9skim_item8SkimItemEL_EEEs1_0B6_
FNDA:0,_RNCINvNtCs2dRlemTKIe9_4skim4util6printfINtNtNtCshYl8hDvVEcY_5alloc3vec9into_iter8IntoIterINtNtBI_4sync3ArcDNtNtB6_9skim_item8SkimItemEL_EEEs2_0B6_
FNDA:0,_RNCINvNtCs2dRlemTKIe9_4skim4util6printfINtNtNtCshYl8hDvVEcY_5alloc3vec9into_iter8IntoIterINtNtBI_4sync3ArcDNtNtB6_9skim_item8SkimItemEL_EEEs3_0B6_
FNDA:0,_RNCINvNtCs2dRlemTKIe9_4skim4util6printfINtNtNtCshYl8hDvVEcY_5alloc3vec9into_iter8IntoIterINtNtBI_4sync3ArcDNtNtB6_9skim_item8SkimItemEL_EEEs4_0B6_
FNDA:0,_RNCINvNtCs2dRlemTKIe9_4skim4util6printfINtNtNtCshYl8hDvVEcY_5alloc3vec9into_iter8IntoIterINtNtBI_4sync3ArcDNtNtB6_9skim_item8SkimItemEL_EEEs5_0B6_
FNDA:0,_RNCINvNtCs2dRlemTKIe9_4skim4util6printfINtNtNtCshYl8hDvVEcY_5alloc3vec9into_iter8IntoIterINtNtBI_4sync3ArcDNtNtB6_9skim_item8SkimItemEL_EEEs_0B6_
FNDA:0,_RNCINvNtCs2dRlemTKIe9_4skim4util6printfINtNtNtNtCs3IJltBbNwOJ_4core4iter8adapters3map3MapINtNtNtBK_5slice4iter4IterINtNtCshYl8hDvVEcY_5alloc4sync3ArcDNtNtB6_9skim_item8SkimItemEL_EENCNvNtB4_4tests_11test_printf0EE0B6_
FNDA:0,_RNCINvNtCs2dRlemTKIe9_4skim4util6printfINtNtNtNtCs3IJltBbNwOJ_4core4iter8adapters3map3MapINtNtNtBK_5slice4iter4IterINtNtCshYl8hDvVEcY_5alloc4sync3ArcDNtNtB6_9skim_item8SkimItemEL_EENCNvNtB4_4tests_11test_printf0EEs0_0B6_
FNDA:0,_RNCINvNtCs2dRlemTKIe9_4skim4util6printfINtNtNtNtCs3IJltBbNwOJ_4core4iter8adapters3map3MapINtNtNtBK_5slice4iter4IterINtNtCshYl8hDvVEcY_5alloc4sync3ArcDNtNtB6_9skim_item8SkimItemEL_EENCNvNtB4_4tests_11test_printf0EEs1_0B6_
FNDA:0,_RNCINvNtCs2dRlemTKIe9_4skim4util6printfINtNtNtNtCs3IJltBbNwOJ_4core4iter8adapters3map3MapINtNtNtBK_5slice4iter4IterINtNtCshYl8hDvVEcY_5alloc4sync3ArcDNtNtB6_9skim_item8SkimItemEL_EENCNvNtB4_4tests_11test_printf0EEs2_0B6_
FNDA:0,_RNCINvNtCs2dRlemTKIe9_4skim4util6printfINtNtNtNtCs3IJltBbNwOJ_4core4iter8adapters3map3MapINtNtNtBK_5slice4iter4IterINtNtCshYl8hDvVEcY_5alloc4sync3ArcDNtNtB6_9skim_item8SkimItemEL_EENCNvNtB4_4tests_11test_printf0EEs3_0B6_
FNDA:0,_RNCINvNtCs2dRlemTKIe9_4skim4util6printfINtNtNtNtCs3IJltBbNwOJ_4core4iter8adapters3map3MapINtNtNtBK_5slice4iter4IterINtNtCshYl8hDvVEcY_5alloc4sync3ArcDNtNtB6_9skim_item8SkimItemEL_EENCNvNtB4_4tests_11test_printf0EEs4_0B6_
FNDA:0,_RNCINvNtCs2dRlemTKIe9_4skim4util6printfINtNtNtNtCs3IJltBbNwOJ_4core4iter8adapters3map3MapINtNtNtBK_5slice4iter4IterINtNtCshYl8hDvVEcY_5alloc4sync3ArcDNtNtB6_9skim_item8SkimItemEL_EENCNvNtB4_4tests_11test_printf0EEs5_0B6_
FNDA:0,_RNCINvNtCs2dRlemTKIe9_4skim4util6printfINtNtNtNtCs3IJltBbNwOJ_4core4iter8adapters3map3MapINtNtNtBK_5slice4iter4IterINtNtCshYl8hDvVEcY_5alloc4sync3ArcDNtNtB6_9skim_item8SkimItemEL_EENCNvNtB4_4tests_11test_printf0EEs_0B6_
FNDA:0,_RNCINvNtCs2dRlemTKIe9_4skim4util6printfINtNtNtNtCs3IJltBbNwOJ_4core4iter8adapters3map3MapINtNtNtBK_5slice4iter4IterINtNtCshYl8hDvVEcY_5alloc4sync3ArcReEENCNvNtB4_4tests_16test_printf_plus0EE0B6_
FNDA:0,_RNCINvNtCs2dRlemTKIe9_4skim4util6printfINtNtNtNtCs3IJltBbNwOJ_4core4iter8adapters3map3MapINtNtNtBK_5slice4iter4IterINtNtCshYl8hDvVEcY_5alloc4sync3ArcReEENCNvNtB4_4tests_16test_printf_plus0EEs0_0B6_
FNDA:0,_RNCINvNtCs2dRlemTKIe9_4skim4util6printfINtNtNtNtCs3IJltBbNwOJ_4core4iter8adapters3map3MapINtNtNtBK_5slice4iter4IterINtNtCshYl8hDvVEcY_5alloc4sync3ArcReEENCNvNtB4_4tests_16test_printf_plus0EEs1_0B6_
FNDA:0,_RNCINvNtCs2dRlemTKIe9_4skim4util6printfINtNtNtNtCs3IJltBbNwOJ_4core4iter8adapters3map3MapINtNtNtBK_5slice4iter4IterINtNtCshYl8hDvVEcY_5alloc4sync3ArcReEENCNvNtB4_4tests_16test_printf_plus0EEs2_0B6_
FNDA:0,_RNCINvNtCs2dRlemTKIe9_4skim4util6printfINtNtNtNtCs3IJltBbNwOJ_4core4iter8adapters3map3MapINtNtNtBK_5slice4iter4IterINtNtCshYl8hDvVEcY_5alloc4sync3ArcReEENCNvNtB4_4tests_16test_printf_plus0EEs3_0B6_
FNDA:0,_RNCINvNtCs2dRlemTKIe9_4skim4util6printfINtNtNtNtCs3IJltBbNwOJ_4core4iter8adapters3map3MapINtNtNtBK_5slice4iter4IterINtNtCshYl8hDvVEcY_5alloc4sync3ArcReEENCNvNtB4_4tests_16test_printf_plus0EEs4_0B6_
FNDA:0,_RNCINvNtCs2dRlemTKIe9_4skim4util6printfINtNtNtNtCs3IJltBbNwOJ_4core4iter8adapters3map3MapINtNtNtBK_5slice4iter4IterINtNtCshYl8hDvVEcY_5alloc4sync3ArcReEENCNvNtB4_4tests_16test_printf_plus0EEs5_0B6_
FNDA:0,_RNCINvNtCs2dRlemTKIe9_4skim4util6printfINtNtNtNtCs3IJltBbNwOJ_4core4iter8adapters3map3MapINtNtNtBK_5slice4iter4IterINtNtCshYl8hDvVEcY_5alloc4sync3ArcReEENCNvNtB4_4tests_16test_printf_plus0EEs_0B6_
FNDA:0,_RNvNtCs2dRlemTKIe9_4skim4util15read_file_lines
FNDA:0,_RNvNtCs2dRlemTKIe9_4skim4util18unescape_delimiter
FNF:11
FNH:0
DA:31,0
DA:32,0
DA:33,0
DA:35,0
DA:36,0
DA:37,0
DA:40,0
DA:41,0
DA:42,0
DA:43,0
DA:44,0
DA:45,0
DA:46,0
DA:47,0
DA:48,0
DA:49,0
DA:50,0
DA:51,0
DA:52,0
DA:53,0
DA:54,0
DA:55,0
DA:56,0
DA:57,0
DA:59,0
DA:60,0
DA:61,0
DA:62,0
DA:63,0
DA:64,0
DA:65,0
DA:66,0
DA:67,0
DA:68,0
DA:70,0
DA:71,0
DA:72,0
DA:75,0
DA:76,0
DA:78,0
DA:79,0
DA:80,0
DA:81,0
DA:93,0
DA:94,0
DA:95,0
DA:96,0
DA:97,0
DA:98,0
DA:99,0
DA:100,0
DA:101,0
DA:102,0
DA:103,0
DA:104,0
DA:106,0
DA:108,0
DA:109,0
DA:110,0
DA:111,0
DA:113,0
DA:114,0
DA:115,0
DA:116,0
DA:117,0
DA:118,0
DA:119,0
DA:120,0
DA:123,0
DA:124,0
DA:128,0
DA:129,0
DA:130,0
DA:131,0
DA:132,0
DA:133,0
DA:134,0
DA:135,0
DA:136,0
DA:137,0
DA:138,0
DA:139,0
DA:140,0
DA:141,0
DA:142,0
DA:143,0
DA:144,0
DA:145,0
DA:146,0
DA:147,0
DA:148,0
DA:149,0
DA:150,0
DA:151,0
DA:153,0
DA:154,0
DA:155,0
DA:156,0
DA:157,0
DA:158,0
DA:159,0
DA:160,0
DA:161,0
DA:162,0
DA:163,0
DA:164,0
DA:165,0
DA:166,0
DA:169,0
DA:170,0
DA:171,0
DA:172,0
DA:173,0
DA:174,0
DA:175,0
DA:176,0
DA:177,0
DA:178,0
DA:182,0
DA:186,0
DA:187,0
DA:188,0
DA:189,0
DA:190,0
BRF:0
BRH:0
LF:130
LH:0
end_of_record